2024-12-19 21:01:21,596 [Worker-2: Loading available Gradle versions] INFO  o.e.b.c.i.u.g.PublishedGradleVersions - Gradle version information cache is up-to-date. Trying to read.
2024-12-19 21:04:17,468 [Worker-8: Importing Maven projects] INFO  o.e.m.c.i.l.LifecycleMappingFactory - Using NULL lifecycle mapping for MavenProject: com.mvn.os11:api01-java5-sugar-features:1.0 @ E:\JDC\TrPyaePhyo\onestop-b11-master (1)\onestop-b11-master\api01-java5-sugar-features\pom.xml.
2024-12-19 21:04:20,138 [Worker-8: Importing Maven projects] INFO  o.e.m.c.i.l.LifecycleMappingFactory - Using org.eclipse.m2e.jdt.JarLifecycleMapping lifecycle mapping for MavenProject: com.mvn.os11:01-autobox-unbox:1.0 @ E:\JDC\TrPyaePhyo\onestop-b11-master (1)\onestop-b11-master\api01-java5-sugar-features\01-autobox-unbox\pom.xml.
2024-12-19 21:04:20,221 [Worker-8: Importing Maven projects] INFO  o.e.m.c.i.l.LifecycleMappingFactory - Using org.eclipse.m2e.jdt.JarLifecycleMapping lifecycle mapping for MavenProject: com.mvn.os11:02-varargs:1.0 @ E:\JDC\TrPyaePhyo\onestop-b11-master (1)\onestop-b11-master\api01-java5-sugar-features\02-varargs\pom.xml.
2024-12-19 21:04:20,300 [Worker-8: Importing Maven projects] INFO  o.e.m.c.i.l.LifecycleMappingFactory - Using org.eclipse.m2e.jdt.JarLifecycleMapping lifecycle mapping for MavenProject: com.mvn.os11:03-enumeration:1.0 @ E:\JDC\TrPyaePhyo\onestop-b11-master (1)\onestop-b11-master\api01-java5-sugar-features\03-enumeration\pom.xml.
2024-12-19 21:04:20,380 [Worker-8: Importing Maven projects] INFO  o.e.m.c.i.l.LifecycleMappingFactory - Using org.eclipse.m2e.jdt.JarLifecycleMapping lifecycle mapping for MavenProject: com.mvn.os11:04-annotation:1.0 @ E:\JDC\TrPyaePhyo\onestop-b11-master (1)\onestop-b11-master\api01-java5-sugar-features\04-annotation\pom.xml.
2024-12-19 21:04:21,918 [Worker-8: Importing Maven projects] INFO  o.e.m.j.i.AbstractJavaProjectConfigurator - Adding source folder /01-autobox-unbox/src/main/java
2024-12-19 21:04:21,923 [Worker-8: Importing Maven projects] INFO  o.e.m.j.i.AbstractJavaProjectConfigurator - Adding resource folder /01-autobox-unbox/src/main/resources
2024-12-19 21:04:21,926 [Worker-8: Importing Maven projects] INFO  o.e.m.j.i.AbstractJavaProjectConfigurator - Adding source folder /01-autobox-unbox/src/test/java
2024-12-19 21:04:21,929 [Worker-8: Importing Maven projects] INFO  o.e.m.j.i.AbstractJavaProjectConfigurator - Adding resource folder /01-autobox-unbox/src/test/resources
2024-12-19 21:04:22,902 [Worker-8: Importing Maven projects] INFO  o.e.m.j.i.AbstractJavaProjectConfigurator - Adding source folder /04-annotation/src/main/java
2024-12-19 21:04:22,912 [Worker-8: Importing Maven projects] INFO  o.e.m.j.i.AbstractJavaProjectConfigurator - Adding resource folder /04-annotation/src/main/resources
2024-12-19 21:04:22,914 [Worker-8: Importing Maven projects] INFO  o.e.m.j.i.AbstractJavaProjectConfigurator - Adding source folder /04-annotation/src/test/java
2024-12-19 21:04:22,916 [Worker-8: Importing Maven projects] INFO  o.e.m.j.i.AbstractJavaProjectConfigurator - Adding resource folder /04-annotation/src/test/resources
2024-12-19 21:04:23,099 [Worker-8: Importing Maven projects] INFO  o.e.m.j.i.AbstractJavaProjectConfigurator - Adding source folder /02-varargs/src/main/java
2024-12-19 21:04:23,102 [Worker-8: Importing Maven projects] INFO  o.e.m.j.i.AbstractJavaProjectConfigurator - Adding resource folder /02-varargs/src/main/resources
2024-12-19 21:04:23,104 [Worker-8: Importing Maven projects] INFO  o.e.m.j.i.AbstractJavaProjectConfigurator - Adding source folder /02-varargs/src/test/java
2024-12-19 21:04:23,107 [Worker-8: Importing Maven projects] INFO  o.e.m.j.i.AbstractJavaProjectConfigurator - Adding resource folder /02-varargs/src/test/resources
2024-12-19 21:04:23,585 [Worker-8: Importing Maven projects] INFO  o.e.m.j.i.AbstractJavaProjectConfigurator - Adding source folder /03-enumeration/src/main/java
2024-12-19 21:04:23,588 [Worker-8: Importing Maven projects] INFO  o.e.m.j.i.AbstractJavaProjectConfigurator - Adding resource folder /03-enumeration/src/main/resources
2024-12-19 21:04:23,589 [Worker-8: Importing Maven projects] INFO  o.e.m.j.i.AbstractJavaProjectConfigurator - Adding source folder /03-enumeration/src/test/java
2024-12-19 21:04:23,592 [Worker-8: Importing Maven projects] INFO  o.e.m.j.i.AbstractJavaProjectConfigurator - Adding resource folder /03-enumeration/src/test/resources
2024-12-19 21:04:23,784 [Worker-8: Importing Maven projects] INFO  o.e.m.c.i.p.ProjectConfigurationManager - Imported and configured 5 project(s) in 7 sec
2024-12-19 21:04:24,105 [Worker-15: Updating Maven Project] INFO  o.e.m.c.i.p.ProjectConfigurationManager - Update started
2024-12-19 21:04:24,383 [Worker-15: Updating Maven Project] INFO  o.e.m.c.i.l.LifecycleMappingFactory - Using org.eclipse.m2e.jdt.JarLifecycleMapping lifecycle mapping for MavenProject: com.mvn.os11:02-varargs:1.0 @ E:\JDC\TrPyaePhyo\onestop-b11-master (1)\onestop-b11-master\api01-java5-sugar-features\02-varargs\pom.xml.
2024-12-19 21:04:24,470 [Worker-15: Updating Maven Project] INFO  o.e.m.c.i.l.LifecycleMappingFactory - Using org.eclipse.m2e.jdt.JarLifecycleMapping lifecycle mapping for MavenProject: com.mvn.os11:03-enumeration:1.0 @ E:\JDC\TrPyaePhyo\onestop-b11-master (1)\onestop-b11-master\api01-java5-sugar-features\03-enumeration\pom.xml.
2024-12-19 21:04:24,560 [Worker-15: Updating Maven Project] INFO  o.e.m.c.i.l.LifecycleMappingFactory - Using org.eclipse.m2e.jdt.JarLifecycleMapping lifecycle mapping for MavenProject: com.mvn.os11:04-annotation:1.0 @ E:\JDC\TrPyaePhyo\onestop-b11-master (1)\onestop-b11-master\api01-java5-sugar-features\04-annotation\pom.xml.
2024-12-19 21:04:24,936 [Worker-15: Updating Maven Project] INFO  o.e.m.j.i.AbstractJavaProjectConfigurator - Adding source folder /02-varargs/src/main/java
2024-12-19 21:04:24,940 [Worker-15: Updating Maven Project] INFO  o.e.m.j.i.AbstractJavaProjectConfigurator - Adding resource folder /02-varargs/src/main/resources
2024-12-19 21:04:24,941 [Worker-15: Updating Maven Project] INFO  o.e.m.j.i.AbstractJavaProjectConfigurator - Adding source folder /02-varargs/src/test/java
2024-12-19 21:04:24,944 [Worker-15: Updating Maven Project] INFO  o.e.m.j.i.AbstractJavaProjectConfigurator - Adding resource folder /02-varargs/src/test/resources
2024-12-19 21:04:25,031 [Worker-15: Updating Maven Project] INFO  o.e.m.j.i.AbstractJavaProjectConfigurator - Adding source folder /03-enumeration/src/main/java
2024-12-19 21:04:25,035 [Worker-15: Updating Maven Project] INFO  o.e.m.j.i.AbstractJavaProjectConfigurator - Adding resource folder /03-enumeration/src/main/resources
2024-12-19 21:04:25,036 [Worker-15: Updating Maven Project] INFO  o.e.m.j.i.AbstractJavaProjectConfigurator - Adding source folder /03-enumeration/src/test/java
2024-12-19 21:04:25,039 [Worker-15: Updating Maven Project] INFO  o.e.m.j.i.AbstractJavaProjectConfigurator - Adding resource folder /03-enumeration/src/test/resources
2024-12-19 21:04:25,104 [Worker-15: Updating Maven Project] INFO  o.e.m.j.i.AbstractJavaProjectConfigurator - Adding source folder /04-annotation/src/main/java
2024-12-19 21:04:25,106 [Worker-15: Updating Maven Project] INFO  o.e.m.j.i.AbstractJavaProjectConfigurator - Adding resource folder /04-annotation/src/main/resources
2024-12-19 21:04:25,108 [Worker-15: Updating Maven Project] INFO  o.e.m.j.i.AbstractJavaProjectConfigurator - Adding source folder /04-annotation/src/test/java
2024-12-19 21:04:25,110 [Worker-15: Updating Maven Project] INFO  o.e.m.j.i.AbstractJavaProjectConfigurator - Adding resource folder /04-annotation/src/test/resources
2024-12-19 21:04:25,821 [Worker-15: Updating Maven Project] INFO  o.e.m.c.i.p.ProjectConfigurationManager - Update completed for 3 poms: local refresh takes 0.00 sec, refresh facades takes 0.00 sec, update config takes 0.00 sec 
2024-12-19 21:04:26,750 [Worker-17: Building] WARN  o.a.m.s.f.DefaultMavenResourcesFiltering - Using platform encoding (UTF-8 actually) to copy filtered resources, i.e. build is platform dependent!
2024-12-19 21:04:26,751 [Worker-17: Building] INFO  o.a.m.s.f.DefaultMavenResourcesFiltering - skip non existing resourceDirectory E:\JDC\TrPyaePhyo\onestop-b11-master (1)\onestop-b11-master\api01-java5-sugar-features\01-autobox-unbox\src\main\resources
2024-12-19 21:04:26,782 [Worker-17: Building] WARN  o.a.m.s.f.DefaultMavenResourcesFiltering - Using platform encoding (UTF-8 actually) to copy filtered resources, i.e. build is platform dependent!
2024-12-19 21:04:26,784 [Worker-17: Building] INFO  o.a.m.s.f.DefaultMavenResourcesFiltering - skip non existing resourceDirectory E:\JDC\TrPyaePhyo\onestop-b11-master (1)\onestop-b11-master\api01-java5-sugar-features\01-autobox-unbox\src\test\resources
2024-12-19 21:04:28,185 [Worker-17: Building] WARN  o.a.m.s.f.DefaultMavenResourcesFiltering - Using platform encoding (UTF-8 actually) to copy filtered resources, i.e. build is platform dependent!
2024-12-19 21:04:28,186 [Worker-17: Building] INFO  o.a.m.s.f.DefaultMavenResourcesFiltering - skip non existing resourceDirectory E:\JDC\TrPyaePhyo\onestop-b11-master (1)\onestop-b11-master\api01-java5-sugar-features\02-varargs\src\main\resources
2024-12-19 21:04:28,191 [Worker-17: Building] WARN  o.a.m.s.f.DefaultMavenResourcesFiltering - Using platform encoding (UTF-8 actually) to copy filtered resources, i.e. build is platform dependent!
2024-12-19 21:04:28,192 [Worker-17: Building] INFO  o.a.m.s.f.DefaultMavenResourcesFiltering - skip non existing resourceDirectory E:\JDC\TrPyaePhyo\onestop-b11-master (1)\onestop-b11-master\api01-java5-sugar-features\02-varargs\src\test\resources
2024-12-19 21:04:28,552 [Worker-17: Building] WARN  o.a.m.s.f.DefaultMavenResourcesFiltering - Using platform encoding (UTF-8 actually) to copy filtered resources, i.e. build is platform dependent!
2024-12-19 21:04:28,553 [Worker-17: Building] INFO  o.a.m.s.f.DefaultMavenResourcesFiltering - skip non existing resourceDirectory E:\JDC\TrPyaePhyo\onestop-b11-master (1)\onestop-b11-master\api01-java5-sugar-features\03-enumeration\src\main\resources
2024-12-19 21:04:28,558 [Worker-17: Building] WARN  o.a.m.s.f.DefaultMavenResourcesFiltering - Using platform encoding (UTF-8 actually) to copy filtered resources, i.e. build is platform dependent!
2024-12-19 21:04:28,559 [Worker-17: Building] INFO  o.a.m.s.f.DefaultMavenResourcesFiltering - skip non existing resourceDirectory E:\JDC\TrPyaePhyo\onestop-b11-master (1)\onestop-b11-master\api01-java5-sugar-features\03-enumeration\src\test\resources
2024-12-19 21:04:28,792 [Worker-17: Building] WARN  o.a.m.s.f.DefaultMavenResourcesFiltering - Using platform encoding (UTF-8 actually) to copy filtered resources, i.e. build is platform dependent!
2024-12-19 21:04:28,793 [Worker-17: Building] INFO  o.a.m.s.f.DefaultMavenResourcesFiltering - skip non existing resourceDirectory E:\JDC\TrPyaePhyo\onestop-b11-master (1)\onestop-b11-master\api01-java5-sugar-features\04-annotation\src\main\resources
2024-12-19 21:04:28,798 [Worker-17: Building] WARN  o.a.m.s.f.DefaultMavenResourcesFiltering - Using platform encoding (UTF-8 actually) to copy filtered resources, i.e. build is platform dependent!
2024-12-19 21:04:28,800 [Worker-17: Building] INFO  o.a.m.s.f.DefaultMavenResourcesFiltering - skip non existing resourceDirectory E:\JDC\TrPyaePhyo\onestop-b11-master (1)\onestop-b11-master\api01-java5-sugar-features\04-annotation\src\test\resources
2024-12-19 21:08:30,768 [Worker-15: Importing Maven projects] INFO  o.e.m.c.i.l.LifecycleMappingFactory - Using org.eclipse.m2e.jdt.JarLifecycleMapping lifecycle mapping for MavenProject: com.mvn.os11:api02-exception:1.0 @ E:\JDC\TrPyaePhyo\onestop-b11-master (1)\onestop-b11-master\api02-exception\pom.xml.
2024-12-19 21:08:30,838 [Worker-15: Importing Maven projects] INFO  o.e.m.j.i.AbstractJavaProjectConfigurator - Adding source folder /api02-exception/src/main/java
2024-12-19 21:08:30,840 [Worker-15: Importing Maven projects] INFO  o.e.m.j.i.AbstractJavaProjectConfigurator - Adding resource folder /api02-exception/src/main/resources
2024-12-19 21:08:30,841 [Worker-15: Importing Maven projects] INFO  o.e.m.j.i.AbstractJavaProjectConfigurator - Adding source folder /api02-exception/src/test/java
2024-12-19 21:08:30,843 [Worker-15: Importing Maven projects] INFO  o.e.m.j.i.AbstractJavaProjectConfigurator - Adding resource folder /api02-exception/src/test/resources
2024-12-19 21:08:30,923 [Worker-15: Importing Maven projects] INFO  o.e.m.c.i.p.ProjectConfigurationManager - Imported and configured 1 project(s) in 0 sec
2024-12-19 21:08:31,359 [Worker-16: Building] WARN  o.a.m.s.f.DefaultMavenResourcesFiltering - Using platform encoding (UTF-8 actually) to copy filtered resources, i.e. build is platform dependent!
2024-12-19 21:08:31,363 [Worker-16: Building] INFO  o.a.m.s.f.DefaultMavenResourcesFiltering - skip non existing resourceDirectory E:\JDC\TrPyaePhyo\onestop-b11-master (1)\onestop-b11-master\api02-exception\src\main\resources
2024-12-19 21:08:31,369 [Worker-16: Building] WARN  o.a.m.s.f.DefaultMavenResourcesFiltering - Using platform encoding (UTF-8 actually) to copy filtered resources, i.e. build is platform dependent!
2024-12-19 21:08:31,371 [Worker-16: Building] INFO  o.a.m.s.f.DefaultMavenResourcesFiltering - skip non existing resourceDirectory E:\JDC\TrPyaePhyo\onestop-b11-master (1)\onestop-b11-master\api02-exception\src\test\resources
2024-12-20 00:51:38,757 [Worker-1: Loading available Gradle versions] INFO  o.e.b.c.i.u.g.PublishedGradleVersions - Gradle version information cache is out-of-date. Trying to update.
2024-12-20 00:51:51,408 [Worker-7: Building] WARN  o.a.m.s.f.DefaultMavenResourcesFiltering - Using platform encoding (UTF-8 actually) to copy filtered resources, i.e. build is platform dependent!
2024-12-20 00:51:51,410 [Worker-7: Building] INFO  o.a.m.s.f.DefaultMavenResourcesFiltering - skip non existing resourceDirectory E:\JDC\TrPyaePhyo\onestop-b11-master (1)\onestop-b11-master\api01-java5-sugar-features\01-autobox-unbox\src\main\resources
2024-12-20 00:51:51,423 [Worker-7: Building] WARN  o.a.m.s.f.DefaultMavenResourcesFiltering - Using platform encoding (UTF-8 actually) to copy filtered resources, i.e. build is platform dependent!
2024-12-20 00:51:51,425 [Worker-7: Building] INFO  o.a.m.s.f.DefaultMavenResourcesFiltering - skip non existing resourceDirectory E:\JDC\TrPyaePhyo\onestop-b11-master (1)\onestop-b11-master\api01-java5-sugar-features\01-autobox-unbox\src\test\resources
2024-12-20 00:51:56,631 [Worker-7: Building] WARN  o.a.m.s.f.DefaultMavenResourcesFiltering - Using platform encoding (UTF-8 actually) to copy filtered resources, i.e. build is platform dependent!
2024-12-20 00:51:56,660 [Worker-7: Building] INFO  o.a.m.s.f.DefaultMavenResourcesFiltering - skip non existing resourceDirectory E:\JDC\TrPyaePhyo\onestop-b11-master (1)\onestop-b11-master\api01-java5-sugar-features\02-varargs\src\main\resources
2024-12-20 00:51:56,677 [Worker-7: Building] WARN  o.a.m.s.f.DefaultMavenResourcesFiltering - Using platform encoding (UTF-8 actually) to copy filtered resources, i.e. build is platform dependent!
2024-12-20 00:51:56,679 [Worker-7: Building] INFO  o.a.m.s.f.DefaultMavenResourcesFiltering - skip non existing resourceDirectory E:\JDC\TrPyaePhyo\onestop-b11-master (1)\onestop-b11-master\api01-java5-sugar-features\02-varargs\src\test\resources
2024-12-20 00:51:58,983 [Worker-7: Building] WARN  o.a.m.s.f.DefaultMavenResourcesFiltering - Using platform encoding (UTF-8 actually) to copy filtered resources, i.e. build is platform dependent!
2024-12-20 00:51:58,985 [Worker-7: Building] INFO  o.a.m.s.f.DefaultMavenResourcesFiltering - skip non existing resourceDirectory E:\JDC\TrPyaePhyo\onestop-b11-master (1)\onestop-b11-master\api01-java5-sugar-features\03-enumeration\src\main\resources
2024-12-20 00:51:58,992 [Worker-7: Building] WARN  o.a.m.s.f.DefaultMavenResourcesFiltering - Using platform encoding (UTF-8 actually) to copy filtered resources, i.e. build is platform dependent!
2024-12-20 00:51:58,994 [Worker-7: Building] INFO  o.a.m.s.f.DefaultMavenResourcesFiltering - skip non existing resourceDirectory E:\JDC\TrPyaePhyo\onestop-b11-master (1)\onestop-b11-master\api01-java5-sugar-features\03-enumeration\src\test\resources
2024-12-20 00:51:59,936 [Worker-7: Building] WARN  o.a.m.s.f.DefaultMavenResourcesFiltering - Using platform encoding (UTF-8 actually) to copy filtered resources, i.e. build is platform dependent!
2024-12-20 00:51:59,940 [Worker-7: Building] INFO  o.a.m.s.f.DefaultMavenResourcesFiltering - skip non existing resourceDirectory E:\JDC\TrPyaePhyo\onestop-b11-master (1)\onestop-b11-master\api01-java5-sugar-features\04-annotation\src\main\resources
2024-12-20 00:51:59,947 [Worker-7: Building] WARN  o.a.m.s.f.DefaultMavenResourcesFiltering - Using platform encoding (UTF-8 actually) to copy filtered resources, i.e. build is platform dependent!
2024-12-20 00:51:59,950 [Worker-7: Building] INFO  o.a.m.s.f.DefaultMavenResourcesFiltering - skip non existing resourceDirectory E:\JDC\TrPyaePhyo\onestop-b11-master (1)\onestop-b11-master\api01-java5-sugar-features\04-annotation\src\test\resources
2024-12-20 00:52:01,649 [Worker-7: Building] WARN  o.a.m.s.f.DefaultMavenResourcesFiltering - Using platform encoding (UTF-8 actually) to copy filtered resources, i.e. build is platform dependent!
2024-12-20 00:52:01,650 [Worker-7: Building] INFO  o.a.m.s.f.DefaultMavenResourcesFiltering - skip non existing resourceDirectory E:\JDC\TrPyaePhyo\onestop-b11-master (1)\onestop-b11-master\api02-exception\src\main\resources
2024-12-20 00:52:01,657 [Worker-7: Building] WARN  o.a.m.s.f.DefaultMavenResourcesFiltering - Using platform encoding (UTF-8 actually) to copy filtered resources, i.e. build is platform dependent!
2024-12-20 00:52:01,658 [Worker-7: Building] INFO  o.a.m.s.f.DefaultMavenResourcesFiltering - skip non existing resourceDirectory E:\JDC\TrPyaePhyo\onestop-b11-master (1)\onestop-b11-master\api02-exception\src\test\resources
