2024-12-13 12:19:10,436 [Worker-4: Loading available Gradle versions] INFO  o.e.b.c.i.u.g.PublishedGradleVersions - Gradle version information cache is up-to-date. Trying to read.
2024-12-13 12:21:20,822 [Worker-6: Importing Maven projects] INFO  o.e.m.c.i.l.LifecycleMappingFactory - Using NULL lifecycle mapping for MavenProject: com.mvn.os11:api01-java5-sugar-features:1.0 @ E:\JDC\TrPyaePhyo\api01-java5-sugar-features\pom.xml.
2024-12-13 12:21:23,675 [Worker-6: Importing Maven projects] INFO  o.e.m.c.i.l.LifecycleMappingFactory - Using org.eclipse.m2e.jdt.JarLifecycleMapping lifecycle mapping for MavenProject: com.mvn.os11:01-autobox-unbox:1.0 @ E:\JDC\TrPyaePhyo\api01-java5-sugar-features\01-autobox-unbox\pom.xml.
2024-12-13 12:21:23,760 [Worker-6: Importing Maven projects] INFO  o.e.m.c.i.l.LifecycleMappingFactory - Using org.eclipse.m2e.jdt.JarLifecycleMapping lifecycle mapping for MavenProject: com.mvn.os11:02-varargs:1.0 @ E:\JDC\TrPyaePhyo\api01-java5-sugar-features\02-varargs\pom.xml.
2024-12-13 12:21:23,835 [Worker-6: Importing Maven projects] INFO  o.e.m.c.i.l.LifecycleMappingFactory - Using org.eclipse.m2e.jdt.JarLifecycleMapping lifecycle mapping for MavenProject: com.mvn.os11:03-enumeration:1.0 @ E:\JDC\TrPyaePhyo\api01-java5-sugar-features\03-enumeration\pom.xml.
2024-12-13 12:21:23,917 [Worker-6: Importing Maven projects] INFO  o.e.m.c.i.l.LifecycleMappingFactory - Using org.eclipse.m2e.jdt.JarLifecycleMapping lifecycle mapping for MavenProject: com.mvn.os11:04-annotation:1.0 @ E:\JDC\TrPyaePhyo\api01-java5-sugar-features\04-annotation\pom.xml.
2024-12-13 12:21:24,045 [Worker-6: Importing Maven projects] INFO  o.e.m.c.i.l.LifecycleMappingFactory - Using org.eclipse.m2e.jdt.JarLifecycleMapping lifecycle mapping for MavenProject: com.mvn.os11:api02-exception:1.0 @ E:\JDC\TrPyaePhyo\api02-exception\pom.xml.
2024-12-13 12:21:24,055 [Worker-6: Importing Maven projects] INFO  o.e.m.c.i.l.LifecycleMappingFactory - Using NULL lifecycle mapping for MavenProject: com.mvn.os11:console-app:1.0 @ E:\JDC\TrPyaePhyo\console-app\pom.xml.
2024-12-13 12:21:24,160 [Worker-6: Importing Maven projects] INFO  o.e.m.c.i.l.LifecycleMappingFactory - Using org.eclipse.m2e.jdt.JarLifecycleMapping lifecycle mapping for MavenProject: com.mvn.os11:core:1.0 @ E:\JDC\TrPyaePhyo\console-app\core\pom.xml.
2024-12-13 12:21:24,254 [Worker-6: Importing Maven projects] INFO  o.e.m.c.i.l.LifecycleMappingFactory - Using org.eclipse.m2e.jdt.JarLifecycleMapping lifecycle mapping for MavenProject: com.mvn.os11:calculator-application:1.0 @ E:\JDC\TrPyaePhyo\console-app\calculator-application\pom.xml.
2024-12-13 12:21:24,272 [Worker-6: Importing Maven projects] INFO  o.e.m.c.i.p.WorkspaceClassifierResolverManager - Resolving P/core: com.mvn.os11:core:1.0 with classifier  to /core/target/classes
2024-12-13 12:21:24,280 [Worker-6: Importing Maven projects] INFO  o.e.m.c.i.l.LifecycleMappingFactory - Using NULL lifecycle mapping for MavenProject: com.mvn.os11:oo-design-principle:1.0 @ E:\JDC\TrPyaePhyo\oo-design-principle\pom.xml.
2024-12-13 12:21:24,346 [Worker-6: Importing Maven projects] INFO  o.e.m.c.i.l.LifecycleMappingFactory - Using org.eclipse.m2e.jdt.JarLifecycleMapping lifecycle mapping for MavenProject: com.mvn.os11:01-single-responsibility:1.0 @ E:\JDC\TrPyaePhyo\oo-design-principle\01-single-responsibility\pom.xml.
2024-12-13 12:21:24,421 [Worker-6: Importing Maven projects] INFO  o.e.m.c.i.l.LifecycleMappingFactory - Using org.eclipse.m2e.jdt.JarLifecycleMapping lifecycle mapping for MavenProject: com.mvn.os11:02-open-close:1.0 @ E:\JDC\TrPyaePhyo\oo-design-principle\02-open-close\pom.xml.
2024-12-13 12:21:24,494 [Worker-6: Importing Maven projects] INFO  o.e.m.c.i.l.LifecycleMappingFactory - Using org.eclipse.m2e.jdt.JarLifecycleMapping lifecycle mapping for MavenProject: com.mvn.os11:03-liskov-substitution:1.0 @ E:\JDC\TrPyaePhyo\oo-design-principle\03-liskov-substitution\pom.xml.
2024-12-13 12:21:24,574 [Worker-6: Importing Maven projects] INFO  o.e.m.c.i.l.LifecycleMappingFactory - Using org.eclipse.m2e.jdt.JarLifecycleMapping lifecycle mapping for MavenProject: com.mvn.os11:04-interface-segregation:1.0 @ E:\JDC\TrPyaePhyo\oo-design-principle\04-interface-segregation\pom.xml.
2024-12-13 12:21:24,625 [Worker-6: Importing Maven projects] INFO  o.e.m.c.i.l.LifecycleMappingFactory - Using org.eclipse.m2e.jdt.JarLifecycleMapping lifecycle mapping for MavenProject: com.mvn.os11:05-dependency-inversion:1.0 @ E:\JDC\TrPyaePhyo\oo-design-principle\05-dependency-inversion\pom.xml.
2024-12-13 12:21:26,415 [Worker-6: Importing Maven projects] INFO  o.e.m.j.i.AbstractJavaProjectConfigurator - Adding source folder /01-autobox-unbox/src/main/java
2024-12-13 12:21:26,420 [Worker-6: Importing Maven projects] INFO  o.e.m.j.i.AbstractJavaProjectConfigurator - Adding resource folder /01-autobox-unbox/src/main/resources
2024-12-13 12:21:26,422 [Worker-6: Importing Maven projects] INFO  o.e.m.j.i.AbstractJavaProjectConfigurator - Adding source folder /01-autobox-unbox/src/test/java
2024-12-13 12:21:26,426 [Worker-6: Importing Maven projects] INFO  o.e.m.j.i.AbstractJavaProjectConfigurator - Adding resource folder /01-autobox-unbox/src/test/resources
2024-12-13 12:21:27,884 [Worker-6: Importing Maven projects] INFO  o.e.m.j.i.AbstractJavaProjectConfigurator - Adding source folder /04-annotation/src/main/java
2024-12-13 12:21:27,887 [Worker-6: Importing Maven projects] INFO  o.e.m.j.i.AbstractJavaProjectConfigurator - Adding resource folder /04-annotation/src/main/resources
2024-12-13 12:21:27,888 [Worker-6: Importing Maven projects] INFO  o.e.m.j.i.AbstractJavaProjectConfigurator - Adding source folder /04-annotation/src/test/java
2024-12-13 12:21:27,891 [Worker-6: Importing Maven projects] INFO  o.e.m.j.i.AbstractJavaProjectConfigurator - Adding resource folder /04-annotation/src/test/resources
2024-12-13 12:21:28,133 [Worker-6: Importing Maven projects] INFO  o.e.m.j.i.AbstractJavaProjectConfigurator - Adding source folder /02-varargs/src/main/java
2024-12-13 12:21:28,135 [Worker-6: Importing Maven projects] INFO  o.e.m.j.i.AbstractJavaProjectConfigurator - Adding resource folder /02-varargs/src/main/resources
2024-12-13 12:21:28,137 [Worker-6: Importing Maven projects] INFO  o.e.m.j.i.AbstractJavaProjectConfigurator - Adding source folder /02-varargs/src/test/java
2024-12-13 12:21:28,139 [Worker-6: Importing Maven projects] INFO  o.e.m.j.i.AbstractJavaProjectConfigurator - Adding resource folder /02-varargs/src/test/resources
2024-12-13 12:21:28,331 [Worker-6: Importing Maven projects] INFO  o.e.m.j.i.AbstractJavaProjectConfigurator - Adding source folder /04-interface-segregation/src/main/java
2024-12-13 12:21:28,333 [Worker-6: Importing Maven projects] INFO  o.e.m.j.i.AbstractJavaProjectConfigurator - Adding resource folder /04-interface-segregation/src/main/resources
2024-12-13 12:21:28,334 [Worker-6: Importing Maven projects] INFO  o.e.m.j.i.AbstractJavaProjectConfigurator - Adding source folder /04-interface-segregation/src/test/java
2024-12-13 12:21:28,336 [Worker-6: Importing Maven projects] INFO  o.e.m.j.i.AbstractJavaProjectConfigurator - Adding resource folder /04-interface-segregation/src/test/resources
2024-12-13 12:21:28,540 [Worker-6: Importing Maven projects] INFO  o.e.m.j.i.AbstractJavaProjectConfigurator - Adding source folder /05-dependency-inversion/src/main/java
2024-12-13 12:21:28,544 [Worker-6: Importing Maven projects] INFO  o.e.m.j.i.AbstractJavaProjectConfigurator - Adding resource folder /05-dependency-inversion/src/main/resources
2024-12-13 12:21:28,545 [Worker-6: Importing Maven projects] INFO  o.e.m.j.i.AbstractJavaProjectConfigurator - Adding source folder /05-dependency-inversion/src/test/java
2024-12-13 12:21:28,547 [Worker-6: Importing Maven projects] INFO  o.e.m.j.i.AbstractJavaProjectConfigurator - Adding resource folder /05-dependency-inversion/src/test/resources
2024-12-13 12:21:28,723 [Worker-6: Importing Maven projects] INFO  o.e.m.j.i.AbstractJavaProjectConfigurator - Adding source folder /core/src/main/java
2024-12-13 12:21:28,727 [Worker-6: Importing Maven projects] INFO  o.e.m.j.i.AbstractJavaProjectConfigurator - Adding resource folder /core/src/main/resources
2024-12-13 12:21:28,728 [Worker-6: Importing Maven projects] INFO  o.e.m.j.i.AbstractJavaProjectConfigurator - Adding source folder /core/src/test/java
2024-12-13 12:21:28,730 [Worker-6: Importing Maven projects] INFO  o.e.m.j.i.AbstractJavaProjectConfigurator - Adding resource folder /core/src/test/resources
2024-12-13 12:21:28,933 [Worker-6: Importing Maven projects] INFO  o.e.m.j.i.AbstractJavaProjectConfigurator - Adding source folder /02-open-close/src/main/java
2024-12-13 12:21:28,936 [Worker-6: Importing Maven projects] INFO  o.e.m.j.i.AbstractJavaProjectConfigurator - Adding resource folder /02-open-close/src/main/resources
2024-12-13 12:21:28,937 [Worker-6: Importing Maven projects] INFO  o.e.m.j.i.AbstractJavaProjectConfigurator - Adding source folder /02-open-close/src/test/java
2024-12-13 12:21:28,939 [Worker-6: Importing Maven projects] INFO  o.e.m.j.i.AbstractJavaProjectConfigurator - Adding resource folder /02-open-close/src/test/resources
2024-12-13 12:21:29,157 [Worker-6: Importing Maven projects] INFO  o.e.m.j.i.AbstractJavaProjectConfigurator - Adding source folder /03-liskov-substitution/src/main/java
2024-12-13 12:21:29,159 [Worker-6: Importing Maven projects] INFO  o.e.m.j.i.AbstractJavaProjectConfigurator - Adding resource folder /03-liskov-substitution/src/main/resources
2024-12-13 12:21:29,161 [Worker-6: Importing Maven projects] INFO  o.e.m.j.i.AbstractJavaProjectConfigurator - Adding source folder /03-liskov-substitution/src/test/java
2024-12-13 12:21:29,163 [Worker-6: Importing Maven projects] INFO  o.e.m.j.i.AbstractJavaProjectConfigurator - Adding resource folder /03-liskov-substitution/src/test/resources
2024-12-13 12:21:29,386 [Worker-6: Importing Maven projects] INFO  o.e.m.j.i.AbstractJavaProjectConfigurator - Adding source folder /01-single-responsibility/src/main/java
2024-12-13 12:21:29,389 [Worker-6: Importing Maven projects] INFO  o.e.m.j.i.AbstractJavaProjectConfigurator - Adding resource folder /01-single-responsibility/src/main/resources
2024-12-13 12:21:29,390 [Worker-6: Importing Maven projects] INFO  o.e.m.j.i.AbstractJavaProjectConfigurator - Adding source folder /01-single-responsibility/src/test/java
2024-12-13 12:21:29,392 [Worker-6: Importing Maven projects] INFO  o.e.m.j.i.AbstractJavaProjectConfigurator - Adding resource folder /01-single-responsibility/src/test/resources
2024-12-13 12:21:29,583 [Worker-6: Importing Maven projects] INFO  o.e.m.j.i.AbstractJavaProjectConfigurator - Adding source folder /03-enumeration/src/main/java
2024-12-13 12:21:29,586 [Worker-6: Importing Maven projects] INFO  o.e.m.j.i.AbstractJavaProjectConfigurator - Adding resource folder /03-enumeration/src/main/resources
2024-12-13 12:21:29,587 [Worker-6: Importing Maven projects] INFO  o.e.m.j.i.AbstractJavaProjectConfigurator - Adding source folder /03-enumeration/src/test/java
2024-12-13 12:21:29,589 [Worker-6: Importing Maven projects] INFO  o.e.m.j.i.AbstractJavaProjectConfigurator - Adding resource folder /03-enumeration/src/test/resources
2024-12-13 12:21:29,751 [Worker-6: Importing Maven projects] INFO  o.e.m.j.i.AbstractJavaProjectConfigurator - Adding source folder /api02-exception/src/main/java
2024-12-13 12:21:29,753 [Worker-6: Importing Maven projects] INFO  o.e.m.j.i.AbstractJavaProjectConfigurator - Adding resource folder /api02-exception/src/main/resources
2024-12-13 12:21:29,754 [Worker-6: Importing Maven projects] INFO  o.e.m.j.i.AbstractJavaProjectConfigurator - Adding source folder /api02-exception/src/test/java
2024-12-13 12:21:29,756 [Worker-6: Importing Maven projects] INFO  o.e.m.j.i.AbstractJavaProjectConfigurator - Adding resource folder /api02-exception/src/test/resources
2024-12-13 12:21:29,905 [Worker-6: Importing Maven projects] INFO  o.e.m.j.i.AbstractJavaProjectConfigurator - Adding source folder /calculator-application/src/main/java
2024-12-13 12:21:29,908 [Worker-6: Importing Maven projects] INFO  o.e.m.j.i.AbstractJavaProjectConfigurator - Adding resource folder /calculator-application/src/main/resources
2024-12-13 12:21:29,909 [Worker-6: Importing Maven projects] INFO  o.e.m.j.i.AbstractJavaProjectConfigurator - Adding source folder /calculator-application/src/test/java
2024-12-13 12:21:29,911 [Worker-6: Importing Maven projects] INFO  o.e.m.j.i.AbstractJavaProjectConfigurator - Adding resource folder /calculator-application/src/test/resources
2024-12-13 12:21:30,013 [Worker-6: Importing Maven projects] INFO  o.e.m.c.i.p.ProjectConfigurationManager - Imported and configured 15 project(s) in 10 sec
2024-12-13 12:21:30,220 [Worker-6: Updating Maven Project] INFO  o.e.m.c.i.p.ProjectConfigurationManager - Update started
2024-12-13 12:21:30,990 [Worker-6: Updating Maven Project] INFO  o.e.m.c.i.l.LifecycleMappingFactory - Using org.eclipse.m2e.jdt.JarLifecycleMapping lifecycle mapping for MavenProject: com.mvn.os11:01-single-responsibility:1.0 @ E:\JDC\TrPyaePhyo\oo-design-principle\01-single-responsibility\pom.xml.
2024-12-13 12:21:31,069 [Worker-6: Updating Maven Project] INFO  o.e.m.c.i.l.LifecycleMappingFactory - Using org.eclipse.m2e.jdt.JarLifecycleMapping lifecycle mapping for MavenProject: com.mvn.os11:02-open-close:1.0 @ E:\JDC\TrPyaePhyo\oo-design-principle\02-open-close\pom.xml.
2024-12-13 12:21:31,158 [Worker-6: Updating Maven Project] INFO  o.e.m.c.i.l.LifecycleMappingFactory - Using org.eclipse.m2e.jdt.JarLifecycleMapping lifecycle mapping for MavenProject: com.mvn.os11:02-varargs:1.0 @ E:\JDC\TrPyaePhyo\api01-java5-sugar-features\02-varargs\pom.xml.
2024-12-13 12:21:31,243 [Worker-6: Updating Maven Project] INFO  o.e.m.c.i.l.LifecycleMappingFactory - Using org.eclipse.m2e.jdt.JarLifecycleMapping lifecycle mapping for MavenProject: com.mvn.os11:03-enumeration:1.0 @ E:\JDC\TrPyaePhyo\api01-java5-sugar-features\03-enumeration\pom.xml.
2024-12-13 12:21:31,323 [Worker-6: Updating Maven Project] INFO  o.e.m.c.i.l.LifecycleMappingFactory - Using org.eclipse.m2e.jdt.JarLifecycleMapping lifecycle mapping for MavenProject: com.mvn.os11:03-liskov-substitution:1.0 @ E:\JDC\TrPyaePhyo\oo-design-principle\03-liskov-substitution\pom.xml.
2024-12-13 12:21:31,402 [Worker-6: Updating Maven Project] INFO  o.e.m.c.i.l.LifecycleMappingFactory - Using org.eclipse.m2e.jdt.JarLifecycleMapping lifecycle mapping for MavenProject: com.mvn.os11:04-annotation:1.0 @ E:\JDC\TrPyaePhyo\api01-java5-sugar-features\04-annotation\pom.xml.
2024-12-13 12:21:31,481 [Worker-6: Updating Maven Project] INFO  o.e.m.c.i.l.LifecycleMappingFactory - Using org.eclipse.m2e.jdt.JarLifecycleMapping lifecycle mapping for MavenProject: com.mvn.os11:04-interface-segregation:1.0 @ E:\JDC\TrPyaePhyo\oo-design-principle\04-interface-segregation\pom.xml.
2024-12-13 12:21:31,552 [Worker-6: Updating Maven Project] INFO  o.e.m.c.i.l.LifecycleMappingFactory - Using org.eclipse.m2e.jdt.JarLifecycleMapping lifecycle mapping for MavenProject: com.mvn.os11:05-dependency-inversion:1.0 @ E:\JDC\TrPyaePhyo\oo-design-principle\05-dependency-inversion\pom.xml.
2024-12-13 12:21:31,615 [Worker-6: Updating Maven Project] INFO  o.e.m.c.i.l.LifecycleMappingFactory - Using org.eclipse.m2e.jdt.JarLifecycleMapping lifecycle mapping for MavenProject: com.mvn.os11:api02-exception:1.0 @ E:\JDC\TrPyaePhyo\api02-exception\pom.xml.
2024-12-13 12:21:31,690 [Worker-6: Updating Maven Project] INFO  o.e.m.c.i.l.LifecycleMappingFactory - Using org.eclipse.m2e.jdt.JarLifecycleMapping lifecycle mapping for MavenProject: com.mvn.os11:calculator-application:1.0 @ E:\JDC\TrPyaePhyo\console-app\calculator-application\pom.xml.
2024-12-13 12:21:31,697 [Worker-6: Updating Maven Project] INFO  o.e.m.c.i.p.WorkspaceClassifierResolverManager - Resolving P/core: com.mvn.os11:core:1.0 with classifier  to /core/target/classes
2024-12-13 12:21:31,702 [Worker-6: Updating Maven Project] INFO  o.e.m.c.i.l.LifecycleMappingFactory - Using NULL lifecycle mapping for MavenProject: com.mvn.os11:console-app:1.0 @ E:\JDC\TrPyaePhyo\console-app\pom.xml.
2024-12-13 12:21:31,879 [Worker-6: Updating Maven Project] INFO  o.e.m.c.i.l.LifecycleMappingFactory - Using org.eclipse.m2e.jdt.JarLifecycleMapping lifecycle mapping for MavenProject: com.mvn.os11:core:1.0 @ E:\JDC\TrPyaePhyo\console-app\core\pom.xml.
2024-12-13 12:21:31,939 [Worker-6: Updating Maven Project] INFO  o.e.m.c.i.l.LifecycleMappingFactory - Using NULL lifecycle mapping for MavenProject: com.mvn.os11:oo-design-principle:1.0 @ E:\JDC\TrPyaePhyo\oo-design-principle\pom.xml.
2024-12-13 12:21:33,018 [Worker-6: Updating Maven Project] INFO  o.e.m.j.i.AbstractJavaProjectConfigurator - Adding source folder /01-single-responsibility/src/main/java
2024-12-13 12:21:33,021 [Worker-6: Updating Maven Project] INFO  o.e.m.j.i.AbstractJavaProjectConfigurator - Adding resource folder /01-single-responsibility/src/main/resources
2024-12-13 12:21:33,022 [Worker-6: Updating Maven Project] INFO  o.e.m.j.i.AbstractJavaProjectConfigurator - Adding source folder /01-single-responsibility/src/test/java
2024-12-13 12:21:33,024 [Worker-6: Updating Maven Project] INFO  o.e.m.j.i.AbstractJavaProjectConfigurator - Adding resource folder /01-single-responsibility/src/test/resources
2024-12-13 12:21:33,124 [Worker-6: Updating Maven Project] INFO  o.e.m.j.i.AbstractJavaProjectConfigurator - Adding source folder /02-open-close/src/main/java
2024-12-13 12:21:33,126 [Worker-6: Updating Maven Project] INFO  o.e.m.j.i.AbstractJavaProjectConfigurator - Adding resource folder /02-open-close/src/main/resources
2024-12-13 12:21:33,127 [Worker-6: Updating Maven Project] INFO  o.e.m.j.i.AbstractJavaProjectConfigurator - Adding source folder /02-open-close/src/test/java
2024-12-13 12:21:33,129 [Worker-6: Updating Maven Project] INFO  o.e.m.j.i.AbstractJavaProjectConfigurator - Adding resource folder /02-open-close/src/test/resources
2024-12-13 12:21:33,186 [Worker-6: Updating Maven Project] INFO  o.e.m.j.i.AbstractJavaProjectConfigurator - Adding source folder /02-varargs/src/main/java
2024-12-13 12:21:33,188 [Worker-6: Updating Maven Project] INFO  o.e.m.j.i.AbstractJavaProjectConfigurator - Adding resource folder /02-varargs/src/main/resources
2024-12-13 12:21:33,191 [Worker-6: Updating Maven Project] INFO  o.e.m.j.i.AbstractJavaProjectConfigurator - Adding source folder /02-varargs/src/test/java
2024-12-13 12:21:33,193 [Worker-6: Updating Maven Project] INFO  o.e.m.j.i.AbstractJavaProjectConfigurator - Adding resource folder /02-varargs/src/test/resources
2024-12-13 12:21:33,249 [Worker-6: Updating Maven Project] INFO  o.e.m.j.i.AbstractJavaProjectConfigurator - Adding source folder /03-enumeration/src/main/java
2024-12-13 12:21:33,251 [Worker-6: Updating Maven Project] INFO  o.e.m.j.i.AbstractJavaProjectConfigurator - Adding resource folder /03-enumeration/src/main/resources
2024-12-13 12:21:33,253 [Worker-6: Updating Maven Project] INFO  o.e.m.j.i.AbstractJavaProjectConfigurator - Adding source folder /03-enumeration/src/test/java
2024-12-13 12:21:33,255 [Worker-6: Updating Maven Project] INFO  o.e.m.j.i.AbstractJavaProjectConfigurator - Adding resource folder /03-enumeration/src/test/resources
2024-12-13 12:21:33,317 [Worker-6: Updating Maven Project] INFO  o.e.m.j.i.AbstractJavaProjectConfigurator - Adding source folder /03-liskov-substitution/src/main/java
2024-12-13 12:21:33,319 [Worker-6: Updating Maven Project] INFO  o.e.m.j.i.AbstractJavaProjectConfigurator - Adding resource folder /03-liskov-substitution/src/main/resources
2024-12-13 12:21:33,320 [Worker-6: Updating Maven Project] INFO  o.e.m.j.i.AbstractJavaProjectConfigurator - Adding source folder /03-liskov-substitution/src/test/java
2024-12-13 12:21:33,322 [Worker-6: Updating Maven Project] INFO  o.e.m.j.i.AbstractJavaProjectConfigurator - Adding resource folder /03-liskov-substitution/src/test/resources
2024-12-13 12:21:33,379 [Worker-6: Updating Maven Project] INFO  o.e.m.j.i.AbstractJavaProjectConfigurator - Adding source folder /04-annotation/src/main/java
2024-12-13 12:21:33,382 [Worker-6: Updating Maven Project] INFO  o.e.m.j.i.AbstractJavaProjectConfigurator - Adding resource folder /04-annotation/src/main/resources
2024-12-13 12:21:33,403 [Worker-6: Updating Maven Project] INFO  o.e.m.j.i.AbstractJavaProjectConfigurator - Adding source folder /04-annotation/src/test/java
2024-12-13 12:21:33,418 [Worker-6: Updating Maven Project] INFO  o.e.m.j.i.AbstractJavaProjectConfigurator - Adding resource folder /04-annotation/src/test/resources
2024-12-13 12:21:33,478 [Worker-6: Updating Maven Project] INFO  o.e.m.j.i.AbstractJavaProjectConfigurator - Adding source folder /04-interface-segregation/src/main/java
2024-12-13 12:21:33,480 [Worker-6: Updating Maven Project] INFO  o.e.m.j.i.AbstractJavaProjectConfigurator - Adding resource folder /04-interface-segregation/src/main/resources
2024-12-13 12:21:33,481 [Worker-6: Updating Maven Project] INFO  o.e.m.j.i.AbstractJavaProjectConfigurator - Adding source folder /04-interface-segregation/src/test/java
2024-12-13 12:21:33,483 [Worker-6: Updating Maven Project] INFO  o.e.m.j.i.AbstractJavaProjectConfigurator - Adding resource folder /04-interface-segregation/src/test/resources
2024-12-13 12:21:33,538 [Worker-6: Updating Maven Project] INFO  o.e.m.j.i.AbstractJavaProjectConfigurator - Adding source folder /05-dependency-inversion/src/main/java
2024-12-13 12:21:33,541 [Worker-6: Updating Maven Project] INFO  o.e.m.j.i.AbstractJavaProjectConfigurator - Adding resource folder /05-dependency-inversion/src/main/resources
2024-12-13 12:21:33,542 [Worker-6: Updating Maven Project] INFO  o.e.m.j.i.AbstractJavaProjectConfigurator - Adding source folder /05-dependency-inversion/src/test/java
2024-12-13 12:21:33,544 [Worker-6: Updating Maven Project] INFO  o.e.m.j.i.AbstractJavaProjectConfigurator - Adding resource folder /05-dependency-inversion/src/test/resources
2024-12-13 12:21:33,597 [Worker-6: Updating Maven Project] INFO  o.e.m.j.i.AbstractJavaProjectConfigurator - Adding source folder /api02-exception/src/main/java
2024-12-13 12:21:33,602 [Worker-6: Updating Maven Project] INFO  o.e.m.j.i.AbstractJavaProjectConfigurator - Adding resource folder /api02-exception/src/main/resources
2024-12-13 12:21:33,603 [Worker-6: Updating Maven Project] INFO  o.e.m.j.i.AbstractJavaProjectConfigurator - Adding source folder /api02-exception/src/test/java
2024-12-13 12:21:33,605 [Worker-6: Updating Maven Project] INFO  o.e.m.j.i.AbstractJavaProjectConfigurator - Adding resource folder /api02-exception/src/test/resources
2024-12-13 12:21:33,664 [Worker-6: Updating Maven Project] INFO  o.e.m.j.i.AbstractJavaProjectConfigurator - Adding source folder /calculator-application/src/main/java
2024-12-13 12:21:33,666 [Worker-6: Updating Maven Project] INFO  o.e.m.j.i.AbstractJavaProjectConfigurator - Adding resource folder /calculator-application/src/main/resources
2024-12-13 12:21:33,667 [Worker-6: Updating Maven Project] INFO  o.e.m.j.i.AbstractJavaProjectConfigurator - Adding source folder /calculator-application/src/test/java
2024-12-13 12:21:33,669 [Worker-6: Updating Maven Project] INFO  o.e.m.j.i.AbstractJavaProjectConfigurator - Adding resource folder /calculator-application/src/test/resources
2024-12-13 12:21:33,743 [Worker-6: Updating Maven Project] INFO  o.e.m.j.i.AbstractJavaProjectConfigurator - Adding source folder /core/src/main/java
2024-12-13 12:21:33,746 [Worker-6: Updating Maven Project] INFO  o.e.m.j.i.AbstractJavaProjectConfigurator - Adding resource folder /core/src/main/resources
2024-12-13 12:21:33,748 [Worker-6: Updating Maven Project] INFO  o.e.m.j.i.AbstractJavaProjectConfigurator - Adding source folder /core/src/test/java
2024-12-13 12:21:33,753 [Worker-6: Updating Maven Project] INFO  o.e.m.j.i.AbstractJavaProjectConfigurator - Adding resource folder /core/src/test/resources
2024-12-13 12:21:35,166 [Worker-6: Updating Maven Project] INFO  o.e.m.c.i.p.ProjectConfigurationManager - Update completed for 13 poms: local refresh takes 0.00 sec, refresh facades takes 2.00 sec, update config takes 0.00 sec 
2024-12-13 12:21:36,077 [Worker-15: Building] WARN  o.a.m.s.f.DefaultMavenResourcesFiltering - Using platform encoding (UTF-8 actually) to copy filtered resources, i.e. build is platform dependent!
2024-12-13 12:21:36,079 [Worker-15: Building] INFO  o.a.m.s.f.DefaultMavenResourcesFiltering - skip non existing resourceDirectory E:\JDC\TrPyaePhyo\api01-java5-sugar-features\01-autobox-unbox\src\main\resources
2024-12-13 12:21:36,090 [Worker-15: Building] WARN  o.a.m.s.f.DefaultMavenResourcesFiltering - Using platform encoding (UTF-8 actually) to copy filtered resources, i.e. build is platform dependent!
2024-12-13 12:21:36,092 [Worker-15: Building] INFO  o.a.m.s.f.DefaultMavenResourcesFiltering - skip non existing resourceDirectory E:\JDC\TrPyaePhyo\api01-java5-sugar-features\01-autobox-unbox\src\test\resources
2024-12-13 12:21:37,194 [Worker-15: Building] WARN  o.a.m.s.f.DefaultMavenResourcesFiltering - Using platform encoding (UTF-8 actually) to copy filtered resources, i.e. build is platform dependent!
2024-12-13 12:21:37,195 [Worker-15: Building] INFO  o.a.m.s.f.DefaultMavenResourcesFiltering - skip non existing resourceDirectory E:\JDC\TrPyaePhyo\oo-design-principle\01-single-responsibility\src\main\resources
2024-12-13 12:21:37,200 [Worker-15: Building] WARN  o.a.m.s.f.DefaultMavenResourcesFiltering - Using platform encoding (UTF-8 actually) to copy filtered resources, i.e. build is platform dependent!
2024-12-13 12:21:37,201 [Worker-15: Building] INFO  o.a.m.s.f.DefaultMavenResourcesFiltering - skip non existing resourceDirectory E:\JDC\TrPyaePhyo\oo-design-principle\01-single-responsibility\src\test\resources
2024-12-13 12:21:37,416 [Worker-15: Building] WARN  o.a.m.s.f.DefaultMavenResourcesFiltering - Using platform encoding (UTF-8 actually) to copy filtered resources, i.e. build is platform dependent!
2024-12-13 12:21:37,417 [Worker-15: Building] INFO  o.a.m.s.f.DefaultMavenResourcesFiltering - skip non existing resourceDirectory E:\JDC\TrPyaePhyo\oo-design-principle\02-open-close\src\main\resources
2024-12-13 12:21:37,422 [Worker-15: Building] WARN  o.a.m.s.f.DefaultMavenResourcesFiltering - Using platform encoding (UTF-8 actually) to copy filtered resources, i.e. build is platform dependent!
2024-12-13 12:21:37,424 [Worker-15: Building] INFO  o.a.m.s.f.DefaultMavenResourcesFiltering - skip non existing resourceDirectory E:\JDC\TrPyaePhyo\oo-design-principle\02-open-close\src\test\resources
2024-12-13 12:21:37,521 [Worker-15: Building] WARN  o.a.m.s.f.DefaultMavenResourcesFiltering - Using platform encoding (UTF-8 actually) to copy filtered resources, i.e. build is platform dependent!
2024-12-13 12:21:37,523 [Worker-15: Building] INFO  o.a.m.s.f.DefaultMavenResourcesFiltering - skip non existing resourceDirectory E:\JDC\TrPyaePhyo\api01-java5-sugar-features\02-varargs\src\main\resources
2024-12-13 12:21:37,528 [Worker-15: Building] WARN  o.a.m.s.f.DefaultMavenResourcesFiltering - Using platform encoding (UTF-8 actually) to copy filtered resources, i.e. build is platform dependent!
2024-12-13 12:21:37,530 [Worker-15: Building] INFO  o.a.m.s.f.DefaultMavenResourcesFiltering - skip non existing resourceDirectory E:\JDC\TrPyaePhyo\api01-java5-sugar-features\02-varargs\src\test\resources
2024-12-13 12:21:37,736 [Worker-15: Building] WARN  o.a.m.s.f.DefaultMavenResourcesFiltering - Using platform encoding (UTF-8 actually) to copy filtered resources, i.e. build is platform dependent!
2024-12-13 12:21:37,738 [Worker-15: Building] INFO  o.a.m.s.f.DefaultMavenResourcesFiltering - skip non existing resourceDirectory E:\JDC\TrPyaePhyo\api01-java5-sugar-features\03-enumeration\src\main\resources
2024-12-13 12:21:37,742 [Worker-15: Building] WARN  o.a.m.s.f.DefaultMavenResourcesFiltering - Using platform encoding (UTF-8 actually) to copy filtered resources, i.e. build is platform dependent!
2024-12-13 12:21:37,743 [Worker-15: Building] INFO  o.a.m.s.f.DefaultMavenResourcesFiltering - skip non existing resourceDirectory E:\JDC\TrPyaePhyo\api01-java5-sugar-features\03-enumeration\src\test\resources
2024-12-13 12:21:37,873 [Worker-15: Building] WARN  o.a.m.s.f.DefaultMavenResourcesFiltering - Using platform encoding (UTF-8 actually) to copy filtered resources, i.e. build is platform dependent!
2024-12-13 12:21:37,875 [Worker-15: Building] INFO  o.a.m.s.f.DefaultMavenResourcesFiltering - skip non existing resourceDirectory E:\JDC\TrPyaePhyo\oo-design-principle\03-liskov-substitution\src\main\resources
2024-12-13 12:21:37,878 [Worker-15: Building] WARN  o.a.m.s.f.DefaultMavenResourcesFiltering - Using platform encoding (UTF-8 actually) to copy filtered resources, i.e. build is platform dependent!
2024-12-13 12:21:37,880 [Worker-15: Building] INFO  o.a.m.s.f.DefaultMavenResourcesFiltering - skip non existing resourceDirectory E:\JDC\TrPyaePhyo\oo-design-principle\03-liskov-substitution\src\test\resources
2024-12-13 12:21:38,206 [Worker-15: Building] WARN  o.a.m.s.f.DefaultMavenResourcesFiltering - Using platform encoding (UTF-8 actually) to copy filtered resources, i.e. build is platform dependent!
2024-12-13 12:21:38,208 [Worker-15: Building] INFO  o.a.m.s.f.DefaultMavenResourcesFiltering - skip non existing resourceDirectory E:\JDC\TrPyaePhyo\api01-java5-sugar-features\04-annotation\src\main\resources
2024-12-13 12:21:38,212 [Worker-15: Building] WARN  o.a.m.s.f.DefaultMavenResourcesFiltering - Using platform encoding (UTF-8 actually) to copy filtered resources, i.e. build is platform dependent!
2024-12-13 12:21:38,213 [Worker-15: Building] INFO  o.a.m.s.f.DefaultMavenResourcesFiltering - skip non existing resourceDirectory E:\JDC\TrPyaePhyo\api01-java5-sugar-features\04-annotation\src\test\resources
2024-12-13 12:21:38,395 [Worker-15: Building] WARN  o.a.m.s.f.DefaultMavenResourcesFiltering - Using platform encoding (UTF-8 actually) to copy filtered resources, i.e. build is platform dependent!
2024-12-13 12:21:38,396 [Worker-15: Building] INFO  o.a.m.s.f.DefaultMavenResourcesFiltering - skip non existing resourceDirectory E:\JDC\TrPyaePhyo\oo-design-principle\04-interface-segregation\src\main\resources
2024-12-13 12:21:38,401 [Worker-15: Building] WARN  o.a.m.s.f.DefaultMavenResourcesFiltering - Using platform encoding (UTF-8 actually) to copy filtered resources, i.e. build is platform dependent!
2024-12-13 12:21:38,403 [Worker-15: Building] INFO  o.a.m.s.f.DefaultMavenResourcesFiltering - skip non existing resourceDirectory E:\JDC\TrPyaePhyo\oo-design-principle\04-interface-segregation\src\test\resources
2024-12-13 12:21:38,578 [Worker-15: Building] WARN  o.a.m.s.f.DefaultMavenResourcesFiltering - Using platform encoding (UTF-8 actually) to copy filtered resources, i.e. build is platform dependent!
2024-12-13 12:21:38,580 [Worker-15: Building] INFO  o.a.m.s.f.DefaultMavenResourcesFiltering - skip non existing resourceDirectory E:\JDC\TrPyaePhyo\oo-design-principle\05-dependency-inversion\src\main\resources
2024-12-13 12:21:38,583 [Worker-15: Building] WARN  o.a.m.s.f.DefaultMavenResourcesFiltering - Using platform encoding (UTF-8 actually) to copy filtered resources, i.e. build is platform dependent!
2024-12-13 12:21:38,584 [Worker-15: Building] INFO  o.a.m.s.f.DefaultMavenResourcesFiltering - skip non existing resourceDirectory E:\JDC\TrPyaePhyo\oo-design-principle\05-dependency-inversion\src\test\resources
2024-12-13 12:21:38,998 [Worker-15: Building] WARN  o.a.m.s.f.DefaultMavenResourcesFiltering - Using platform encoding (UTF-8 actually) to copy filtered resources, i.e. build is platform dependent!
2024-12-13 12:21:38,999 [Worker-15: Building] INFO  o.a.m.s.f.DefaultMavenResourcesFiltering - skip non existing resourceDirectory E:\JDC\TrPyaePhyo\api02-exception\src\main\resources
2024-12-13 12:21:39,003 [Worker-15: Building] WARN  o.a.m.s.f.DefaultMavenResourcesFiltering - Using platform encoding (UTF-8 actually) to copy filtered resources, i.e. build is platform dependent!
2024-12-13 12:21:39,004 [Worker-15: Building] INFO  o.a.m.s.f.DefaultMavenResourcesFiltering - skip non existing resourceDirectory E:\JDC\TrPyaePhyo\api02-exception\src\test\resources
2024-12-13 12:21:39,190 [Worker-15: Building] WARN  o.a.m.s.f.DefaultMavenResourcesFiltering - Using platform encoding (UTF-8 actually) to copy filtered resources, i.e. build is platform dependent!
2024-12-13 12:21:39,192 [Worker-15: Building] INFO  o.a.m.s.f.DefaultMavenResourcesFiltering - skip non existing resourceDirectory E:\JDC\TrPyaePhyo\console-app\core\src\main\resources
2024-12-13 12:21:39,198 [Worker-15: Building] WARN  o.a.m.s.f.DefaultMavenResourcesFiltering - Using platform encoding (UTF-8 actually) to copy filtered resources, i.e. build is platform dependent!
2024-12-13 12:21:39,200 [Worker-15: Building] INFO  o.a.m.s.f.DefaultMavenResourcesFiltering - skip non existing resourceDirectory E:\JDC\TrPyaePhyo\console-app\core\src\test\resources
2024-12-13 12:21:39,380 [Worker-15: Building] WARN  o.a.m.s.f.DefaultMavenResourcesFiltering - Using platform encoding (UTF-8 actually) to copy filtered resources, i.e. build is platform dependent!
2024-12-13 12:21:39,381 [Worker-15: Building] INFO  o.a.m.s.f.DefaultMavenResourcesFiltering - skip non existing resourceDirectory E:\JDC\TrPyaePhyo\console-app\calculator-application\src\main\resources
2024-12-13 12:21:39,385 [Worker-15: Building] WARN  o.a.m.s.f.DefaultMavenResourcesFiltering - Using platform encoding (UTF-8 actually) to copy filtered resources, i.e. build is platform dependent!
2024-12-13 12:21:39,386 [Worker-15: Building] INFO  o.a.m.s.f.DefaultMavenResourcesFiltering - skip non existing resourceDirectory E:\JDC\TrPyaePhyo\console-app\calculator-application\src\test\resources
2024-12-13 12:30:39,427 [Worker-1: Loading available Gradle versions] INFO  o.e.b.c.i.u.g.PublishedGradleVersions - Gradle version information cache is up-to-date. Trying to read.
2024-12-13 12:34:33,853 [Worker-0: Loading available Gradle versions] INFO  o.e.b.c.i.u.g.PublishedGradleVersions - Gradle version information cache is up-to-date. Trying to read.
2024-12-13 12:35:03,872 [Worker-0: Loading available Gradle versions] INFO  o.e.b.c.i.u.g.PublishedGradleVersions - Gradle version information cache is up-to-date. Trying to read.
2024-12-13 12:35:51,787 [Worker-2: Loading available Gradle versions] INFO  o.e.b.c.i.u.g.PublishedGradleVersions - Gradle version information cache is up-to-date. Trying to read.
2024-12-13 12:40:52,081 [Worker-11: Building] WARN  o.a.m.s.f.DefaultMavenResourcesFiltering - Using platform encoding (UTF-8 actually) to copy filtered resources, i.e. build is platform dependent!
2024-12-13 12:40:52,085 [Worker-11: Building] INFO  o.a.m.s.f.DefaultMavenResourcesFiltering - skip non existing resourceDirectory E:\JDC\TrPyaePhyo\api01-java5-sugar-features\01-autobox-unbox\src\main\resources
2024-12-13 12:40:52,095 [Worker-11: Building] WARN  o.a.m.s.f.DefaultMavenResourcesFiltering - Using platform encoding (UTF-8 actually) to copy filtered resources, i.e. build is platform dependent!
2024-12-13 12:40:52,097 [Worker-11: Building] INFO  o.a.m.s.f.DefaultMavenResourcesFiltering - skip non existing resourceDirectory E:\JDC\TrPyaePhyo\api01-java5-sugar-features\01-autobox-unbox\src\test\resources
2024-12-13 12:40:53,374 [Worker-11: Building] WARN  o.a.m.s.f.DefaultMavenResourcesFiltering - Using platform encoding (UTF-8 actually) to copy filtered resources, i.e. build is platform dependent!
2024-12-13 12:40:53,376 [Worker-11: Building] INFO  o.a.m.s.f.DefaultMavenResourcesFiltering - skip non existing resourceDirectory E:\JDC\TrPyaePhyo\oo-design-principle\01-single-responsibility\src\main\resources
2024-12-13 12:40:53,381 [Worker-11: Building] WARN  o.a.m.s.f.DefaultMavenResourcesFiltering - Using platform encoding (UTF-8 actually) to copy filtered resources, i.e. build is platform dependent!
2024-12-13 12:40:53,382 [Worker-11: Building] INFO  o.a.m.s.f.DefaultMavenResourcesFiltering - skip non existing resourceDirectory E:\JDC\TrPyaePhyo\oo-design-principle\01-single-responsibility\src\test\resources
2024-12-13 12:40:53,635 [Worker-11: Building] WARN  o.a.m.s.f.DefaultMavenResourcesFiltering - Using platform encoding (UTF-8 actually) to copy filtered resources, i.e. build is platform dependent!
2024-12-13 12:40:53,637 [Worker-11: Building] INFO  o.a.m.s.f.DefaultMavenResourcesFiltering - skip non existing resourceDirectory E:\JDC\TrPyaePhyo\oo-design-principle\02-open-close\src\main\resources
2024-12-13 12:40:53,642 [Worker-11: Building] WARN  o.a.m.s.f.DefaultMavenResourcesFiltering - Using platform encoding (UTF-8 actually) to copy filtered resources, i.e. build is platform dependent!
2024-12-13 12:40:53,644 [Worker-11: Building] INFO  o.a.m.s.f.DefaultMavenResourcesFiltering - skip non existing resourceDirectory E:\JDC\TrPyaePhyo\oo-design-principle\02-open-close\src\test\resources
2024-12-13 12:40:53,782 [Worker-11: Building] WARN  o.a.m.s.f.DefaultMavenResourcesFiltering - Using platform encoding (UTF-8 actually) to copy filtered resources, i.e. build is platform dependent!
2024-12-13 12:40:53,784 [Worker-11: Building] INFO  o.a.m.s.f.DefaultMavenResourcesFiltering - skip non existing resourceDirectory E:\JDC\TrPyaePhyo\api01-java5-sugar-features\02-varargs\src\main\resources
2024-12-13 12:40:53,790 [Worker-11: Building] WARN  o.a.m.s.f.DefaultMavenResourcesFiltering - Using platform encoding (UTF-8 actually) to copy filtered resources, i.e. build is platform dependent!
2024-12-13 12:40:53,791 [Worker-11: Building] INFO  o.a.m.s.f.DefaultMavenResourcesFiltering - skip non existing resourceDirectory E:\JDC\TrPyaePhyo\api01-java5-sugar-features\02-varargs\src\test\resources
2024-12-13 12:40:54,024 [Worker-11: Building] WARN  o.a.m.s.f.DefaultMavenResourcesFiltering - Using platform encoding (UTF-8 actually) to copy filtered resources, i.e. build is platform dependent!
2024-12-13 12:40:54,026 [Worker-11: Building] INFO  o.a.m.s.f.DefaultMavenResourcesFiltering - skip non existing resourceDirectory E:\JDC\TrPyaePhyo\api01-java5-sugar-features\03-enumeration\src\main\resources
2024-12-13 12:40:54,030 [Worker-11: Building] WARN  o.a.m.s.f.DefaultMavenResourcesFiltering - Using platform encoding (UTF-8 actually) to copy filtered resources, i.e. build is platform dependent!
2024-12-13 12:40:54,032 [Worker-11: Building] INFO  o.a.m.s.f.DefaultMavenResourcesFiltering - skip non existing resourceDirectory E:\JDC\TrPyaePhyo\api01-java5-sugar-features\03-enumeration\src\test\resources
2024-12-13 12:40:54,208 [Worker-11: Building] WARN  o.a.m.s.f.DefaultMavenResourcesFiltering - Using platform encoding (UTF-8 actually) to copy filtered resources, i.e. build is platform dependent!
2024-12-13 12:40:54,209 [Worker-11: Building] INFO  o.a.m.s.f.DefaultMavenResourcesFiltering - skip non existing resourceDirectory E:\JDC\TrPyaePhyo\oo-design-principle\03-liskov-substitution\src\main\resources
2024-12-13 12:40:54,214 [Worker-11: Building] WARN  o.a.m.s.f.DefaultMavenResourcesFiltering - Using platform encoding (UTF-8 actually) to copy filtered resources, i.e. build is platform dependent!
2024-12-13 12:40:54,215 [Worker-11: Building] INFO  o.a.m.s.f.DefaultMavenResourcesFiltering - skip non existing resourceDirectory E:\JDC\TrPyaePhyo\oo-design-principle\03-liskov-substitution\src\test\resources
2024-12-13 12:40:54,415 [Worker-11: Building] WARN  o.a.m.s.f.DefaultMavenResourcesFiltering - Using platform encoding (UTF-8 actually) to copy filtered resources, i.e. build is platform dependent!
2024-12-13 12:40:54,416 [Worker-11: Building] INFO  o.a.m.s.f.DefaultMavenResourcesFiltering - skip non existing resourceDirectory E:\JDC\TrPyaePhyo\api01-java5-sugar-features\04-annotation\src\main\resources
2024-12-13 12:40:54,421 [Worker-11: Building] WARN  o.a.m.s.f.DefaultMavenResourcesFiltering - Using platform encoding (UTF-8 actually) to copy filtered resources, i.e. build is platform dependent!
2024-12-13 12:40:54,422 [Worker-11: Building] INFO  o.a.m.s.f.DefaultMavenResourcesFiltering - skip non existing resourceDirectory E:\JDC\TrPyaePhyo\api01-java5-sugar-features\04-annotation\src\test\resources
2024-12-13 12:40:54,619 [Worker-11: Building] WARN  o.a.m.s.f.DefaultMavenResourcesFiltering - Using platform encoding (UTF-8 actually) to copy filtered resources, i.e. build is platform dependent!
2024-12-13 12:40:54,620 [Worker-11: Building] INFO  o.a.m.s.f.DefaultMavenResourcesFiltering - skip non existing resourceDirectory E:\JDC\TrPyaePhyo\oo-design-principle\04-interface-segregation\src\main\resources
2024-12-13 12:40:54,627 [Worker-11: Building] WARN  o.a.m.s.f.DefaultMavenResourcesFiltering - Using platform encoding (UTF-8 actually) to copy filtered resources, i.e. build is platform dependent!
2024-12-13 12:40:54,629 [Worker-11: Building] INFO  o.a.m.s.f.DefaultMavenResourcesFiltering - skip non existing resourceDirectory E:\JDC\TrPyaePhyo\oo-design-principle\04-interface-segregation\src\test\resources
2024-12-13 12:40:54,822 [Worker-11: Building] WARN  o.a.m.s.f.DefaultMavenResourcesFiltering - Using platform encoding (UTF-8 actually) to copy filtered resources, i.e. build is platform dependent!
2024-12-13 12:40:54,824 [Worker-11: Building] INFO  o.a.m.s.f.DefaultMavenResourcesFiltering - skip non existing resourceDirectory E:\JDC\TrPyaePhyo\oo-design-principle\05-dependency-inversion\src\main\resources
2024-12-13 12:40:54,829 [Worker-11: Building] WARN  o.a.m.s.f.DefaultMavenResourcesFiltering - Using platform encoding (UTF-8 actually) to copy filtered resources, i.e. build is platform dependent!
2024-12-13 12:40:54,831 [Worker-11: Building] INFO  o.a.m.s.f.DefaultMavenResourcesFiltering - skip non existing resourceDirectory E:\JDC\TrPyaePhyo\oo-design-principle\05-dependency-inversion\src\test\resources
2024-12-13 12:40:55,068 [Worker-11: Building] WARN  o.a.m.s.f.DefaultMavenResourcesFiltering - Using platform encoding (UTF-8 actually) to copy filtered resources, i.e. build is platform dependent!
2024-12-13 12:40:55,070 [Worker-11: Building] INFO  o.a.m.s.f.DefaultMavenResourcesFiltering - skip non existing resourceDirectory E:\JDC\TrPyaePhyo\api02-exception\src\main\resources
2024-12-13 12:40:55,074 [Worker-11: Building] WARN  o.a.m.s.f.DefaultMavenResourcesFiltering - Using platform encoding (UTF-8 actually) to copy filtered resources, i.e. build is platform dependent!
2024-12-13 12:40:55,076 [Worker-11: Building] INFO  o.a.m.s.f.DefaultMavenResourcesFiltering - skip non existing resourceDirectory E:\JDC\TrPyaePhyo\api02-exception\src\test\resources
2024-12-13 12:40:55,295 [Worker-11: Building] WARN  o.a.m.s.f.DefaultMavenResourcesFiltering - Using platform encoding (UTF-8 actually) to copy filtered resources, i.e. build is platform dependent!
2024-12-13 12:40:55,297 [Worker-11: Building] INFO  o.a.m.s.f.DefaultMavenResourcesFiltering - skip non existing resourceDirectory E:\JDC\TrPyaePhyo\console-app\core\src\main\resources
2024-12-13 12:40:55,301 [Worker-11: Building] WARN  o.a.m.s.f.DefaultMavenResourcesFiltering - Using platform encoding (UTF-8 actually) to copy filtered resources, i.e. build is platform dependent!
2024-12-13 12:40:55,303 [Worker-11: Building] INFO  o.a.m.s.f.DefaultMavenResourcesFiltering - skip non existing resourceDirectory E:\JDC\TrPyaePhyo\console-app\core\src\test\resources
2024-12-13 12:40:55,474 [Worker-11: Building] INFO  o.e.m.c.i.p.WorkspaceClassifierResolverManager - Resolving P/core: com.mvn.os11:core:1.0 with classifier  to /core/target/classes
2024-12-13 12:40:55,492 [Worker-11: Building] WARN  o.a.m.s.f.DefaultMavenResourcesFiltering - Using platform encoding (UTF-8 actually) to copy filtered resources, i.e. build is platform dependent!
2024-12-13 12:40:55,494 [Worker-11: Building] INFO  o.a.m.s.f.DefaultMavenResourcesFiltering - skip non existing resourceDirectory E:\JDC\TrPyaePhyo\console-app\calculator-application\src\main\resources
2024-12-13 12:40:55,498 [Worker-11: Building] WARN  o.a.m.s.f.DefaultMavenResourcesFiltering - Using platform encoding (UTF-8 actually) to copy filtered resources, i.e. build is platform dependent!
2024-12-13 12:40:55,499 [Worker-11: Building] INFO  o.a.m.s.f.DefaultMavenResourcesFiltering - skip non existing resourceDirectory E:\JDC\TrPyaePhyo\console-app\calculator-application\src\test\resources
2024-12-13 20:49:37,810 [Worker-2: Loading available Gradle versions] INFO  o.e.b.c.i.u.g.PublishedGradleVersions - Gradle version information cache is out-of-date. Trying to update.
2024-12-13 20:55:55,257 [Worker-11: Building] WARN  o.a.m.s.f.DefaultMavenResourcesFiltering - Using platform encoding (UTF-8 actually) to copy filtered resources, i.e. build is platform dependent!
2024-12-13 20:55:55,261 [Worker-11: Building] INFO  o.a.m.s.f.DefaultMavenResourcesFiltering - skip non existing resourceDirectory E:\JDC\TrPyaePhyo\api01-java5-sugar-features\01-autobox-unbox\src\main\resources
2024-12-13 20:55:55,269 [Worker-11: Building] WARN  o.a.m.s.f.DefaultMavenResourcesFiltering - Using platform encoding (UTF-8 actually) to copy filtered resources, i.e. build is platform dependent!
2024-12-13 20:55:55,270 [Worker-11: Building] INFO  o.a.m.s.f.DefaultMavenResourcesFiltering - skip non existing resourceDirectory E:\JDC\TrPyaePhyo\api01-java5-sugar-features\01-autobox-unbox\src\test\resources
2024-12-13 20:55:56,499 [Worker-11: Building] WARN  o.a.m.s.f.DefaultMavenResourcesFiltering - Using platform encoding (UTF-8 actually) to copy filtered resources, i.e. build is platform dependent!
2024-12-13 20:55:56,501 [Worker-11: Building] INFO  o.a.m.s.f.DefaultMavenResourcesFiltering - skip non existing resourceDirectory E:\JDC\TrPyaePhyo\oo-design-principle\01-single-responsibility\src\main\resources
2024-12-13 20:55:56,518 [Worker-11: Building] WARN  o.a.m.s.f.DefaultMavenResourcesFiltering - Using platform encoding (UTF-8 actually) to copy filtered resources, i.e. build is platform dependent!
2024-12-13 20:55:56,519 [Worker-11: Building] INFO  o.a.m.s.f.DefaultMavenResourcesFiltering - skip non existing resourceDirectory E:\JDC\TrPyaePhyo\oo-design-principle\01-single-responsibility\src\test\resources
2024-12-13 20:55:56,754 [Worker-11: Building] WARN  o.a.m.s.f.DefaultMavenResourcesFiltering - Using platform encoding (UTF-8 actually) to copy filtered resources, i.e. build is platform dependent!
2024-12-13 20:55:56,756 [Worker-11: Building] INFO  o.a.m.s.f.DefaultMavenResourcesFiltering - skip non existing resourceDirectory E:\JDC\TrPyaePhyo\oo-design-principle\02-open-close\src\main\resources
2024-12-13 20:55:56,761 [Worker-11: Building] WARN  o.a.m.s.f.DefaultMavenResourcesFiltering - Using platform encoding (UTF-8 actually) to copy filtered resources, i.e. build is platform dependent!
2024-12-13 20:55:56,763 [Worker-11: Building] INFO  o.a.m.s.f.DefaultMavenResourcesFiltering - skip non existing resourceDirectory E:\JDC\TrPyaePhyo\oo-design-principle\02-open-close\src\test\resources
2024-12-13 20:55:56,885 [Worker-11: Building] WARN  o.a.m.s.f.DefaultMavenResourcesFiltering - Using platform encoding (UTF-8 actually) to copy filtered resources, i.e. build is platform dependent!
2024-12-13 20:55:56,886 [Worker-11: Building] INFO  o.a.m.s.f.DefaultMavenResourcesFiltering - skip non existing resourceDirectory E:\JDC\TrPyaePhyo\api01-java5-sugar-features\02-varargs\src\main\resources
2024-12-13 20:55:56,892 [Worker-11: Building] WARN  o.a.m.s.f.DefaultMavenResourcesFiltering - Using platform encoding (UTF-8 actually) to copy filtered resources, i.e. build is platform dependent!
2024-12-13 20:55:56,893 [Worker-11: Building] INFO  o.a.m.s.f.DefaultMavenResourcesFiltering - skip non existing resourceDirectory E:\JDC\TrPyaePhyo\api01-java5-sugar-features\02-varargs\src\test\resources
2024-12-13 20:55:57,085 [Worker-11: Building] WARN  o.a.m.s.f.DefaultMavenResourcesFiltering - Using platform encoding (UTF-8 actually) to copy filtered resources, i.e. build is platform dependent!
2024-12-13 20:55:57,086 [Worker-11: Building] INFO  o.a.m.s.f.DefaultMavenResourcesFiltering - skip non existing resourceDirectory E:\JDC\TrPyaePhyo\api01-java5-sugar-features\03-enumeration\src\main\resources
2024-12-13 20:55:57,091 [Worker-11: Building] WARN  o.a.m.s.f.DefaultMavenResourcesFiltering - Using platform encoding (UTF-8 actually) to copy filtered resources, i.e. build is platform dependent!
2024-12-13 20:55:57,093 [Worker-11: Building] INFO  o.a.m.s.f.DefaultMavenResourcesFiltering - skip non existing resourceDirectory E:\JDC\TrPyaePhyo\api01-java5-sugar-features\03-enumeration\src\test\resources
2024-12-13 20:55:57,233 [Worker-11: Building] WARN  o.a.m.s.f.DefaultMavenResourcesFiltering - Using platform encoding (UTF-8 actually) to copy filtered resources, i.e. build is platform dependent!
2024-12-13 20:55:57,234 [Worker-11: Building] INFO  o.a.m.s.f.DefaultMavenResourcesFiltering - skip non existing resourceDirectory E:\JDC\TrPyaePhyo\oo-design-principle\03-liskov-substitution\src\main\resources
2024-12-13 20:55:57,238 [Worker-11: Building] WARN  o.a.m.s.f.DefaultMavenResourcesFiltering - Using platform encoding (UTF-8 actually) to copy filtered resources, i.e. build is platform dependent!
2024-12-13 20:55:57,241 [Worker-11: Building] INFO  o.a.m.s.f.DefaultMavenResourcesFiltering - skip non existing resourceDirectory E:\JDC\TrPyaePhyo\oo-design-principle\03-liskov-substitution\src\test\resources
2024-12-13 20:55:57,420 [Worker-11: Building] WARN  o.a.m.s.f.DefaultMavenResourcesFiltering - Using platform encoding (UTF-8 actually) to copy filtered resources, i.e. build is platform dependent!
2024-12-13 20:55:57,421 [Worker-11: Building] INFO  o.a.m.s.f.DefaultMavenResourcesFiltering - skip non existing resourceDirectory E:\JDC\TrPyaePhyo\api01-java5-sugar-features\04-annotation\src\main\resources
2024-12-13 20:55:57,425 [Worker-11: Building] WARN  o.a.m.s.f.DefaultMavenResourcesFiltering - Using platform encoding (UTF-8 actually) to copy filtered resources, i.e. build is platform dependent!
2024-12-13 20:55:57,426 [Worker-11: Building] INFO  o.a.m.s.f.DefaultMavenResourcesFiltering - skip non existing resourceDirectory E:\JDC\TrPyaePhyo\api01-java5-sugar-features\04-annotation\src\test\resources
2024-12-13 20:55:57,578 [Worker-11: Building] WARN  o.a.m.s.f.DefaultMavenResourcesFiltering - Using platform encoding (UTF-8 actually) to copy filtered resources, i.e. build is platform dependent!
2024-12-13 20:55:57,579 [Worker-11: Building] INFO  o.a.m.s.f.DefaultMavenResourcesFiltering - skip non existing resourceDirectory E:\JDC\TrPyaePhyo\oo-design-principle\04-interface-segregation\src\main\resources
2024-12-13 20:55:57,584 [Worker-11: Building] WARN  o.a.m.s.f.DefaultMavenResourcesFiltering - Using platform encoding (UTF-8 actually) to copy filtered resources, i.e. build is platform dependent!
2024-12-13 20:55:57,586 [Worker-11: Building] INFO  o.a.m.s.f.DefaultMavenResourcesFiltering - skip non existing resourceDirectory E:\JDC\TrPyaePhyo\oo-design-principle\04-interface-segregation\src\test\resources
2024-12-13 20:55:57,790 [Worker-11: Building] WARN  o.a.m.s.f.DefaultMavenResourcesFiltering - Using platform encoding (UTF-8 actually) to copy filtered resources, i.e. build is platform dependent!
2024-12-13 20:55:57,791 [Worker-11: Building] INFO  o.a.m.s.f.DefaultMavenResourcesFiltering - skip non existing resourceDirectory E:\JDC\TrPyaePhyo\oo-design-principle\05-dependency-inversion\src\main\resources
2024-12-13 20:55:57,797 [Worker-11: Building] WARN  o.a.m.s.f.DefaultMavenResourcesFiltering - Using platform encoding (UTF-8 actually) to copy filtered resources, i.e. build is platform dependent!
2024-12-13 20:55:57,798 [Worker-11: Building] INFO  o.a.m.s.f.DefaultMavenResourcesFiltering - skip non existing resourceDirectory E:\JDC\TrPyaePhyo\oo-design-principle\05-dependency-inversion\src\test\resources
2024-12-13 20:55:57,996 [Worker-11: Building] WARN  o.a.m.s.f.DefaultMavenResourcesFiltering - Using platform encoding (UTF-8 actually) to copy filtered resources, i.e. build is platform dependent!
2024-12-13 20:55:57,997 [Worker-11: Building] INFO  o.a.m.s.f.DefaultMavenResourcesFiltering - skip non existing resourceDirectory E:\JDC\TrPyaePhyo\api02-exception\src\main\resources
2024-12-13 20:55:58,001 [Worker-11: Building] WARN  o.a.m.s.f.DefaultMavenResourcesFiltering - Using platform encoding (UTF-8 actually) to copy filtered resources, i.e. build is platform dependent!
2024-12-13 20:55:58,003 [Worker-11: Building] INFO  o.a.m.s.f.DefaultMavenResourcesFiltering - skip non existing resourceDirectory E:\JDC\TrPyaePhyo\api02-exception\src\test\resources
2024-12-13 20:55:58,196 [Worker-11: Building] WARN  o.a.m.s.f.DefaultMavenResourcesFiltering - Using platform encoding (UTF-8 actually) to copy filtered resources, i.e. build is platform dependent!
2024-12-13 20:55:58,197 [Worker-11: Building] INFO  o.a.m.s.f.DefaultMavenResourcesFiltering - skip non existing resourceDirectory E:\JDC\TrPyaePhyo\console-app\core\src\main\resources
2024-12-13 20:55:58,201 [Worker-11: Building] WARN  o.a.m.s.f.DefaultMavenResourcesFiltering - Using platform encoding (UTF-8 actually) to copy filtered resources, i.e. build is platform dependent!
2024-12-13 20:55:58,203 [Worker-11: Building] INFO  o.a.m.s.f.DefaultMavenResourcesFiltering - skip non existing resourceDirectory E:\JDC\TrPyaePhyo\console-app\core\src\test\resources
2024-12-13 20:55:58,371 [Worker-11: Building] INFO  o.e.m.c.i.p.WorkspaceClassifierResolverManager - Resolving P/core: com.mvn.os11:core:1.0 with classifier  to /core/target/classes
2024-12-13 20:55:58,395 [Worker-11: Building] WARN  o.a.m.s.f.DefaultMavenResourcesFiltering - Using platform encoding (UTF-8 actually) to copy filtered resources, i.e. build is platform dependent!
2024-12-13 20:55:58,396 [Worker-11: Building] INFO  o.a.m.s.f.DefaultMavenResourcesFiltering - skip non existing resourceDirectory E:\JDC\TrPyaePhyo\console-app\calculator-application\src\main\resources
2024-12-13 20:55:58,400 [Worker-11: Building] WARN  o.a.m.s.f.DefaultMavenResourcesFiltering - Using platform encoding (UTF-8 actually) to copy filtered resources, i.e. build is platform dependent!
2024-12-13 20:55:58,402 [Worker-11: Building] INFO  o.a.m.s.f.DefaultMavenResourcesFiltering - skip non existing resourceDirectory E:\JDC\TrPyaePhyo\console-app\calculator-application\src\test\resources
