2024-12-27 13:23:38,755 [Worker-3: Loading available Gradle versions] INFO  o.e.b.c.i.u.g.PublishedGradleVersions - Gradle version information cache is up-to-date. Trying to read.
2024-12-27 13:24:35,055 [Worker-7: Importing Maven projects] INFO  o.e.m.c.i.l.LifecycleMappingFactory - Using org.eclipse.m2e.jdt.JarLifecycleMapping lifecycle mapping for MavenProject: com.jdc.mkt:02-io-api:1.0 @ E:\JDC\trminkhant\11-onestop-weekday-main (2)\11-onestop-weekday-main\02-io-api\pom.xml.
2024-12-27 13:24:35,270 [Worker-7: Importing Maven projects] INFO  o.e.m.c.i.l.LifecycleMappingFactory - Using org.eclipse.m2e.jdt.JarLifecycleMapping lifecycle mapping for MavenProject: com.jdc.mkt:02-jdbc-with-junit:1.0 @ E:\JDC\trminkhant\11-onestop-weekday-main (2)\11-onestop-weekday-main\02-jdbc-with-junit\pom.xml.
2024-12-27 13:24:35,367 [Worker-7: Importing Maven projects] INFO  o.e.m.c.i.l.LifecycleMappingFactory - Using NULL lifecycle mapping for MavenProject: com.jdc.mkt:03-hibernate-jpa:1.0 @ E:\JDC\trminkhant\11-onestop-weekday-main (2)\11-onestop-weekday-main\03-hibernate-jpa\pom.xml.
2024-12-27 13:24:35,532 [Worker-7: Importing Maven projects] INFO  o.e.m.c.i.l.LifecycleMappingFactory - Using org.eclipse.m2e.jdt.JarLifecycleMapping lifecycle mapping for MavenProject: com.jdc.mkt:ep01-jpa-class-and-field-mapping:1.0 @ E:\JDC\trminkhant\11-onestop-weekday-main (2)\11-onestop-weekday-main\03-hibernate-jpa\ep01-jpa-class-and-field-mapping\pom.xml.
2024-12-27 13:24:36,006 [Worker-7: Importing Maven projects] INFO  o.e.m.c.i.l.LifecycleMappingFactory - Using org.eclipse.m2e.jdt.JarLifecycleMapping lifecycle mapping for MavenProject: com.jdc.mkt:ep02-jpa-relations-mapping:1.0 @ E:\JDC\trminkhant\11-onestop-weekday-main (2)\11-onestop-weekday-main\03-hibernate-jpa\ep02-jpa-relations-mapping\pom.xml.
2024-12-27 13:24:36,201 [Worker-7: Importing Maven projects] INFO  o.e.m.c.i.l.LifecycleMappingFactory - Using org.eclipse.m2e.jdt.JarLifecycleMapping lifecycle mapping for MavenProject: com.jdc.mkt:ep03-jpa-inheritance-mapping:1.0 @ E:\JDC\trminkhant\11-onestop-weekday-main (2)\11-onestop-weekday-main\03-hibernate-jpa\ep03-jpa-inheritance-mapping\pom.xml.
2024-12-27 13:24:36,389 [Worker-7: Importing Maven projects] INFO  o.e.m.c.i.l.LifecycleMappingFactory - Using org.eclipse.m2e.jdt.JarLifecycleMapping lifecycle mapping for MavenProject: com.jdc.mkt:ep04-jpa-entitymanager:1.0 @ E:\JDC\trminkhant\11-onestop-weekday-main (2)\11-onestop-weekday-main\03-hibernate-jpa\ep04-jpa-entitymanager\pom.xml.
2024-12-27 13:24:36,553 [Worker-7: Importing Maven projects] INFO  o.e.m.c.i.l.LifecycleMappingFactory - Using org.eclipse.m2e.jdt.JarLifecycleMapping lifecycle mapping for MavenProject: com.jdc.mkt:ep05-jpa-query:1.0 @ E:\JDC\trminkhant\11-onestop-weekday-main (2)\11-onestop-weekday-main\03-hibernate-jpa\ep05-jpa-query\pom.xml.
2024-12-27 13:24:36,765 [Worker-7: Importing Maven projects] INFO  o.e.m.c.i.l.LifecycleMappingFactory - Using org.eclipse.m2e.jdt.JarLifecycleMapping lifecycle mapping for MavenProject: com.jdc.mkt:04-stock-management-system:1.0 @ E:\JDC\trminkhant\11-onestop-weekday-main (2)\11-onestop-weekday-main\04-stock-management-system\pom.xml.
2024-12-27 13:24:37,003 [Worker-7: Importing Maven projects] INFO  o.e.m.c.i.l.LifecycleMappingFactory - Using org.eclipse.m2e.jdt.JarLifecycleMapping lifecycle mapping for MavenProject: 05-com.jdc.mkt:film-inventory-proj:1.0 @ E:\JDC\trminkhant\11-onestop-weekday-main (2)\11-onestop-weekday-main\film-inventory-proj\pom.xml.
2024-12-27 13:24:41,457 [Worker-7: Importing Maven projects] INFO  o.e.m.j.i.AbstractJavaProjectConfigurator - Adding source folder /02-jdbc-with-junit/src/main/java
2024-12-27 13:24:41,463 [Worker-7: Importing Maven projects] INFO  o.e.m.j.i.AbstractJavaProjectConfigurator - Adding resource folder /02-jdbc-with-junit/src/main/resources
2024-12-27 13:24:41,465 [Worker-7: Importing Maven projects] INFO  o.e.m.j.i.AbstractJavaProjectConfigurator - Adding source folder /02-jdbc-with-junit/src/test/java
2024-12-27 13:24:41,468 [Worker-7: Importing Maven projects] INFO  o.e.m.j.i.AbstractJavaProjectConfigurator - Adding resource folder /02-jdbc-with-junit/src/test/resources
2024-12-27 13:24:41,780 [Worker-7: Importing Maven projects] INFO  o.e.m.j.i.AbstractJavaProjectConfigurator - Adding source folder /ep01-jpa-class-and-field-mapping/src/main/java
2024-12-27 13:24:41,782 [Worker-7: Importing Maven projects] INFO  o.e.m.j.i.AbstractJavaProjectConfigurator - Adding resource folder /ep01-jpa-class-and-field-mapping/src/main/resources
2024-12-27 13:24:41,784 [Worker-7: Importing Maven projects] INFO  o.e.m.j.i.AbstractJavaProjectConfigurator - Adding source folder /ep01-jpa-class-and-field-mapping/src/test/java
2024-12-27 13:24:41,787 [Worker-7: Importing Maven projects] INFO  o.e.m.j.i.AbstractJavaProjectConfigurator - Adding resource folder /ep01-jpa-class-and-field-mapping/src/test/resources
2024-12-27 13:24:42,093 [Worker-7: Importing Maven projects] INFO  o.e.m.j.i.AbstractJavaProjectConfigurator - Adding source folder /ep03-jpa-inheritance-mapping/src/main/java
2024-12-27 13:24:42,095 [Worker-7: Importing Maven projects] INFO  o.e.m.j.i.AbstractJavaProjectConfigurator - Adding resource folder /ep03-jpa-inheritance-mapping/src/main/resources
2024-12-27 13:24:42,097 [Worker-7: Importing Maven projects] INFO  o.e.m.j.i.AbstractJavaProjectConfigurator - Adding source folder /ep03-jpa-inheritance-mapping/src/test/java
2024-12-27 13:24:42,099 [Worker-7: Importing Maven projects] INFO  o.e.m.j.i.AbstractJavaProjectConfigurator - Adding resource folder /ep03-jpa-inheritance-mapping/src/test/resources
2024-12-27 13:24:42,440 [Worker-7: Importing Maven projects] INFO  o.e.m.j.i.AbstractJavaProjectConfigurator - Adding source folder /ep05-jpa-query/src/main/java
2024-12-27 13:24:42,443 [Worker-7: Importing Maven projects] INFO  o.e.m.j.i.AbstractJavaProjectConfigurator - Adding resource folder /ep05-jpa-query/src/main/resources
2024-12-27 13:24:42,444 [Worker-7: Importing Maven projects] INFO  o.e.m.j.i.AbstractJavaProjectConfigurator - Adding source folder /ep05-jpa-query/src/test/java
2024-12-27 13:24:42,447 [Worker-7: Importing Maven projects] INFO  o.e.m.j.i.AbstractJavaProjectConfigurator - Adding resource folder /ep05-jpa-query/src/test/resources
2024-12-27 13:24:42,898 [Worker-7: Importing Maven projects] INFO  o.e.m.j.i.AbstractJavaProjectConfigurator - Adding source folder /film-inventory-proj/src/main/java
2024-12-27 13:24:42,901 [Worker-7: Importing Maven projects] INFO  o.e.m.j.i.AbstractJavaProjectConfigurator - Adding resource folder /film-inventory-proj/src/main/resources
2024-12-27 13:24:42,902 [Worker-7: Importing Maven projects] INFO  o.e.m.j.i.AbstractJavaProjectConfigurator - Adding source folder /film-inventory-proj/src/test/java
2024-12-27 13:24:42,904 [Worker-7: Importing Maven projects] INFO  o.e.m.j.i.AbstractJavaProjectConfigurator - Adding resource folder /film-inventory-proj/src/test/resources
2024-12-27 13:24:43,250 [Worker-7: Importing Maven projects] INFO  o.e.m.j.i.AbstractJavaProjectConfigurator - Adding source folder /02-io-api/src/main/java
2024-12-27 13:24:43,253 [Worker-7: Importing Maven projects] INFO  o.e.m.j.i.AbstractJavaProjectConfigurator - Adding resource folder /02-io-api/src/main/resources
2024-12-27 13:24:43,260 [Worker-7: Importing Maven projects] INFO  o.e.m.j.i.AbstractJavaProjectConfigurator - Adding source folder /02-io-api/src/test/java
2024-12-27 13:24:43,262 [Worker-7: Importing Maven projects] INFO  o.e.m.j.i.AbstractJavaProjectConfigurator - Adding resource folder /02-io-api/src/test/resources
2024-12-27 13:24:43,518 [Worker-7: Importing Maven projects] INFO  o.e.m.j.i.AbstractJavaProjectConfigurator - Adding source folder /04-stock-management-system/src/main/java
2024-12-27 13:24:43,521 [Worker-7: Importing Maven projects] INFO  o.e.m.j.i.AbstractJavaProjectConfigurator - Adding resource folder /04-stock-management-system/src/main/resources
2024-12-27 13:24:43,524 [Worker-7: Importing Maven projects] INFO  o.e.m.j.i.AbstractJavaProjectConfigurator - Adding source folder /04-stock-management-system/src/test/java
2024-12-27 13:24:43,528 [Worker-7: Importing Maven projects] INFO  o.e.m.j.i.AbstractJavaProjectConfigurator - Adding resource folder /04-stock-management-system/src/test/resources
2024-12-27 13:24:43,951 [Worker-7: Importing Maven projects] INFO  o.e.m.j.i.AbstractJavaProjectConfigurator - Adding source folder /ep02-jpa-relations-mapping/src/main/java
2024-12-27 13:24:43,954 [Worker-7: Importing Maven projects] INFO  o.e.m.j.i.AbstractJavaProjectConfigurator - Adding resource folder /ep02-jpa-relations-mapping/src/main/resources
2024-12-27 13:24:43,955 [Worker-7: Importing Maven projects] INFO  o.e.m.j.i.AbstractJavaProjectConfigurator - Adding source folder /ep02-jpa-relations-mapping/src/test/java
2024-12-27 13:24:43,958 [Worker-7: Importing Maven projects] INFO  o.e.m.j.i.AbstractJavaProjectConfigurator - Adding resource folder /ep02-jpa-relations-mapping/src/test/resources
2024-12-27 13:24:44,260 [Worker-7: Importing Maven projects] INFO  o.e.m.j.i.AbstractJavaProjectConfigurator - Adding source folder /ep04-jpa-entitymanager/src/main/java
2024-12-27 13:24:44,264 [Worker-7: Importing Maven projects] INFO  o.e.m.j.i.AbstractJavaProjectConfigurator - Adding resource folder /ep04-jpa-entitymanager/src/main/resources
2024-12-27 13:24:44,265 [Worker-7: Importing Maven projects] INFO  o.e.m.j.i.AbstractJavaProjectConfigurator - Adding source folder /ep04-jpa-entitymanager/src/test/java
2024-12-27 13:24:44,268 [Worker-7: Importing Maven projects] INFO  o.e.m.j.i.AbstractJavaProjectConfigurator - Adding resource folder /ep04-jpa-entitymanager/src/test/resources
2024-12-27 13:24:44,498 [Worker-7: Importing Maven projects] INFO  o.e.m.c.i.p.ProjectConfigurationManager - Imported and configured 10 project(s) in 15 sec
2024-12-27 13:24:45,520 [Worker-9: Updating Maven Project] INFO  o.e.m.c.i.p.ProjectConfigurationManager - Update started
2024-12-27 13:24:46,999 [Worker-9: Updating Maven Project] INFO  o.e.m.c.i.l.LifecycleMappingFactory - Using org.eclipse.m2e.jdt.JarLifecycleMapping lifecycle mapping for MavenProject: com.jdc.mkt:02-io-api:1.0 @ E:\JDC\trminkhant\11-onestop-weekday-main (2)\11-onestop-weekday-main\02-io-api\pom.xml.
2024-12-27 13:24:47,226 [Worker-9: Updating Maven Project] INFO  o.e.m.c.i.l.LifecycleMappingFactory - Using org.eclipse.m2e.jdt.JarLifecycleMapping lifecycle mapping for MavenProject: com.jdc.mkt:02-jdbc-with-junit:1.0 @ E:\JDC\trminkhant\11-onestop-weekday-main (2)\11-onestop-weekday-main\02-jdbc-with-junit\pom.xml.
2024-12-27 13:24:47,324 [Worker-9: Updating Maven Project] INFO  o.e.m.c.i.l.LifecycleMappingFactory - Using NULL lifecycle mapping for MavenProject: com.jdc.mkt:03-hibernate-jpa:1.0 @ E:\JDC\trminkhant\11-onestop-weekday-main (2)\11-onestop-weekday-main\03-hibernate-jpa\pom.xml.
2024-12-27 13:24:47,537 [Worker-9: Updating Maven Project] INFO  o.e.m.c.i.l.LifecycleMappingFactory - Using org.eclipse.m2e.jdt.JarLifecycleMapping lifecycle mapping for MavenProject: com.jdc.mkt:04-stock-management-system:1.0 @ E:\JDC\trminkhant\11-onestop-weekday-main (2)\11-onestop-weekday-main\04-stock-management-system\pom.xml.
2024-12-27 13:24:48,066 [Worker-9: Updating Maven Project] INFO  o.e.m.c.i.l.LifecycleMappingFactory - Using org.eclipse.m2e.jdt.JarLifecycleMapping lifecycle mapping for MavenProject: com.jdc.mkt:ep01-jpa-class-and-field-mapping:1.0 @ E:\JDC\trminkhant\11-onestop-weekday-main (2)\11-onestop-weekday-main\03-hibernate-jpa\ep01-jpa-class-and-field-mapping\pom.xml.
2024-12-27 13:24:48,185 [Worker-9: Updating Maven Project] INFO  o.e.m.c.i.l.LifecycleMappingFactory - Using org.eclipse.m2e.jdt.JarLifecycleMapping lifecycle mapping for MavenProject: com.jdc.mkt:ep02-jpa-relations-mapping:1.0 @ E:\JDC\trminkhant\11-onestop-weekday-main (2)\11-onestop-weekday-main\03-hibernate-jpa\ep02-jpa-relations-mapping\pom.xml.
2024-12-27 13:24:48,338 [Worker-9: Updating Maven Project] INFO  o.e.m.c.i.l.LifecycleMappingFactory - Using org.eclipse.m2e.jdt.JarLifecycleMapping lifecycle mapping for MavenProject: com.jdc.mkt:ep03-jpa-inheritance-mapping:1.0 @ E:\JDC\trminkhant\11-onestop-weekday-main (2)\11-onestop-weekday-main\03-hibernate-jpa\ep03-jpa-inheritance-mapping\pom.xml.
2024-12-27 13:24:48,479 [Worker-9: Updating Maven Project] INFO  o.e.m.c.i.l.LifecycleMappingFactory - Using org.eclipse.m2e.jdt.JarLifecycleMapping lifecycle mapping for MavenProject: com.jdc.mkt:ep04-jpa-entitymanager:1.0 @ E:\JDC\trminkhant\11-onestop-weekday-main (2)\11-onestop-weekday-main\03-hibernate-jpa\ep04-jpa-entitymanager\pom.xml.
2024-12-27 13:24:48,645 [Worker-9: Updating Maven Project] INFO  o.e.m.c.i.l.LifecycleMappingFactory - Using org.eclipse.m2e.jdt.JarLifecycleMapping lifecycle mapping for MavenProject: com.jdc.mkt:ep05-jpa-query:1.0 @ E:\JDC\trminkhant\11-onestop-weekday-main (2)\11-onestop-weekday-main\03-hibernate-jpa\ep05-jpa-query\pom.xml.
2024-12-27 13:24:48,824 [Worker-9: Updating Maven Project] INFO  o.e.m.c.i.l.LifecycleMappingFactory - Using org.eclipse.m2e.jdt.JarLifecycleMapping lifecycle mapping for MavenProject: 05-com.jdc.mkt:film-inventory-proj:1.0 @ E:\JDC\trminkhant\11-onestop-weekday-main (2)\11-onestop-weekday-main\film-inventory-proj\pom.xml.
2024-12-27 13:24:51,373 [Worker-9: Updating Maven Project] INFO  o.e.m.j.i.AbstractJavaProjectConfigurator - Adding source folder /02-io-api/src/main/java
2024-12-27 13:24:51,375 [Worker-9: Updating Maven Project] INFO  o.e.m.j.i.AbstractJavaProjectConfigurator - Adding resource folder /02-io-api/src/main/resources
2024-12-27 13:24:51,376 [Worker-9: Updating Maven Project] INFO  o.e.m.j.i.AbstractJavaProjectConfigurator - Adding source folder /02-io-api/src/test/java
2024-12-27 13:24:51,378 [Worker-9: Updating Maven Project] INFO  o.e.m.j.i.AbstractJavaProjectConfigurator - Adding resource folder /02-io-api/src/test/resources
2024-12-27 13:24:51,523 [Worker-9: Updating Maven Project] INFO  o.e.m.j.i.AbstractJavaProjectConfigurator - Adding source folder /02-jdbc-with-junit/src/main/java
2024-12-27 13:24:51,526 [Worker-9: Updating Maven Project] INFO  o.e.m.j.i.AbstractJavaProjectConfigurator - Adding resource folder /02-jdbc-with-junit/src/main/resources
2024-12-27 13:24:51,527 [Worker-9: Updating Maven Project] INFO  o.e.m.j.i.AbstractJavaProjectConfigurator - Adding source folder /02-jdbc-with-junit/src/test/java
2024-12-27 13:24:51,530 [Worker-9: Updating Maven Project] INFO  o.e.m.j.i.AbstractJavaProjectConfigurator - Adding resource folder /02-jdbc-with-junit/src/test/resources
2024-12-27 13:24:51,679 [Worker-9: Updating Maven Project] INFO  o.e.m.j.i.AbstractJavaProjectConfigurator - Adding source folder /04-stock-management-system/src/main/java
2024-12-27 13:24:51,681 [Worker-9: Updating Maven Project] INFO  o.e.m.j.i.AbstractJavaProjectConfigurator - Adding resource folder /04-stock-management-system/src/main/resources
2024-12-27 13:24:51,687 [Worker-9: Updating Maven Project] INFO  o.e.m.j.i.AbstractJavaProjectConfigurator - Adding source folder /04-stock-management-system/src/test/java
2024-12-27 13:24:51,689 [Worker-9: Updating Maven Project] INFO  o.e.m.j.i.AbstractJavaProjectConfigurator - Adding resource folder /04-stock-management-system/src/test/resources
2024-12-27 13:24:51,944 [Worker-9: Updating Maven Project] INFO  o.e.m.j.i.AbstractJavaProjectConfigurator - Adding source folder /ep01-jpa-class-and-field-mapping/src/main/java
2024-12-27 13:24:51,946 [Worker-9: Updating Maven Project] INFO  o.e.m.j.i.AbstractJavaProjectConfigurator - Adding resource folder /ep01-jpa-class-and-field-mapping/src/main/resources
2024-12-27 13:24:51,947 [Worker-9: Updating Maven Project] INFO  o.e.m.j.i.AbstractJavaProjectConfigurator - Adding source folder /ep01-jpa-class-and-field-mapping/src/test/java
2024-12-27 13:24:51,950 [Worker-9: Updating Maven Project] INFO  o.e.m.j.i.AbstractJavaProjectConfigurator - Adding resource folder /ep01-jpa-class-and-field-mapping/src/test/resources
2024-12-27 13:24:52,230 [Worker-9: Updating Maven Project] INFO  o.e.m.j.i.AbstractJavaProjectConfigurator - Adding source folder /ep02-jpa-relations-mapping/src/main/java
2024-12-27 13:24:52,233 [Worker-9: Updating Maven Project] INFO  o.e.m.j.i.AbstractJavaProjectConfigurator - Adding resource folder /ep02-jpa-relations-mapping/src/main/resources
2024-12-27 13:24:52,234 [Worker-9: Updating Maven Project] INFO  o.e.m.j.i.AbstractJavaProjectConfigurator - Adding source folder /ep02-jpa-relations-mapping/src/test/java
2024-12-27 13:24:52,237 [Worker-9: Updating Maven Project] INFO  o.e.m.j.i.AbstractJavaProjectConfigurator - Adding resource folder /ep02-jpa-relations-mapping/src/test/resources
2024-12-27 13:24:52,601 [Worker-9: Updating Maven Project] INFO  o.e.m.j.i.AbstractJavaProjectConfigurator - Adding source folder /ep03-jpa-inheritance-mapping/src/main/java
2024-12-27 13:24:52,603 [Worker-9: Updating Maven Project] INFO  o.e.m.j.i.AbstractJavaProjectConfigurator - Adding resource folder /ep03-jpa-inheritance-mapping/src/main/resources
2024-12-27 13:24:52,605 [Worker-9: Updating Maven Project] INFO  o.e.m.j.i.AbstractJavaProjectConfigurator - Adding source folder /ep03-jpa-inheritance-mapping/src/test/java
2024-12-27 13:24:52,608 [Worker-9: Updating Maven Project] INFO  o.e.m.j.i.AbstractJavaProjectConfigurator - Adding resource folder /ep03-jpa-inheritance-mapping/src/test/resources
2024-12-27 13:24:52,875 [Worker-9: Updating Maven Project] INFO  o.e.m.j.i.AbstractJavaProjectConfigurator - Adding source folder /ep04-jpa-entitymanager/src/main/java
2024-12-27 13:24:52,881 [Worker-9: Updating Maven Project] INFO  o.e.m.j.i.AbstractJavaProjectConfigurator - Adding resource folder /ep04-jpa-entitymanager/src/main/resources
2024-12-27 13:24:52,883 [Worker-9: Updating Maven Project] INFO  o.e.m.j.i.AbstractJavaProjectConfigurator - Adding source folder /ep04-jpa-entitymanager/src/test/java
2024-12-27 13:24:52,886 [Worker-9: Updating Maven Project] INFO  o.e.m.j.i.AbstractJavaProjectConfigurator - Adding resource folder /ep04-jpa-entitymanager/src/test/resources
2024-12-27 13:24:53,111 [Worker-9: Updating Maven Project] INFO  o.e.m.j.i.AbstractJavaProjectConfigurator - Adding source folder /ep05-jpa-query/src/main/java
2024-12-27 13:24:53,113 [Worker-9: Updating Maven Project] INFO  o.e.m.j.i.AbstractJavaProjectConfigurator - Adding resource folder /ep05-jpa-query/src/main/resources
2024-12-27 13:24:53,114 [Worker-9: Updating Maven Project] INFO  o.e.m.j.i.AbstractJavaProjectConfigurator - Adding source folder /ep05-jpa-query/src/test/java
2024-12-27 13:24:53,118 [Worker-9: Updating Maven Project] INFO  o.e.m.j.i.AbstractJavaProjectConfigurator - Adding resource folder /ep05-jpa-query/src/test/resources
2024-12-27 13:24:53,383 [Worker-9: Updating Maven Project] INFO  o.e.m.j.i.AbstractJavaProjectConfigurator - Adding source folder /film-inventory-proj/src/main/java
2024-12-27 13:24:53,479 [Worker-9: Updating Maven Project] INFO  o.e.m.j.i.AbstractJavaProjectConfigurator - Adding resource folder /film-inventory-proj/src/main/resources
2024-12-27 13:24:53,480 [Worker-9: Updating Maven Project] INFO  o.e.m.j.i.AbstractJavaProjectConfigurator - Adding source folder /film-inventory-proj/src/test/java
2024-12-27 13:24:53,482 [Worker-9: Updating Maven Project] INFO  o.e.m.j.i.AbstractJavaProjectConfigurator - Adding resource folder /film-inventory-proj/src/test/resources
2024-12-27 13:24:58,125 [Worker-9: Updating Maven Project] INFO  o.e.m.c.i.p.ProjectConfigurationManager - Update completed for 10 poms: local refresh takes 0.00 sec, refresh facades takes 4.00 sec, update config takes 2.00 sec 
2024-12-27 13:25:18,267 [Worker-7: Building] INFO  o.a.m.s.f.DefaultMavenResourcesFiltering - skip non existing resourceDirectory E:\JDC\trminkhant\11-onestop-weekday-main (2)\11-onestop-weekday-main\02-io-api\src\main\resources
2024-12-27 13:25:18,276 [Worker-7: Building] INFO  o.a.m.s.f.DefaultMavenResourcesFiltering - skip non existing resourceDirectory E:\JDC\trminkhant\11-onestop-weekday-main (2)\11-onestop-weekday-main\02-io-api\src\test\resources
2024-12-27 13:25:20,080 [Worker-4: Building] INFO  o.a.m.s.f.DefaultMavenResourcesFiltering - skip non existing resourceDirectory E:\JDC\trminkhant\11-onestop-weekday-main (2)\11-onestop-weekday-main\02-jdbc-with-junit\src\main\resources
2024-12-27 13:25:20,086 [Worker-4: Building] INFO  o.a.m.s.f.DefaultMavenResourcesFiltering - skip non existing resourceDirectory E:\JDC\trminkhant\11-onestop-weekday-main (2)\11-onestop-weekday-main\02-jdbc-with-junit\src\test\resources
2024-12-27 13:25:21,350 [Worker-8: Building] INFO  o.a.m.s.f.DefaultMavenResourcesFiltering - Copying 1 resource from src\main\resources to target\classes
2024-12-27 13:25:21,390 [Worker-8: Building] INFO  o.a.m.s.f.DefaultMavenResourcesFiltering - skip non existing resourceDirectory E:\JDC\trminkhant\11-onestop-weekday-main (2)\11-onestop-weekday-main\04-stock-management-system\src\test\resources
2024-12-27 13:25:22,222 [Worker-10: Building] INFO  o.a.m.s.f.DefaultMavenResourcesFiltering - Copying 1 resource from src\main\resources to target\classes
2024-12-27 13:25:22,230 [Worker-10: Building] INFO  o.a.m.s.f.DefaultMavenResourcesFiltering - skip non existing resourceDirectory E:\JDC\trminkhant\11-onestop-weekday-main (2)\11-onestop-weekday-main\03-hibernate-jpa\ep01-jpa-class-and-field-mapping\src\test\resources
2024-12-27 13:25:22,699 [Worker-10: Building] INFO  o.a.m.s.f.DefaultMavenResourcesFiltering - Copying 1 resource from src\main\resources to target\classes
2024-12-27 13:25:22,706 [Worker-10: Building] INFO  o.a.m.s.f.DefaultMavenResourcesFiltering - skip non existing resourceDirectory E:\JDC\trminkhant\11-onestop-weekday-main (2)\11-onestop-weekday-main\03-hibernate-jpa\ep02-jpa-relations-mapping\src\test\resources
2024-12-27 13:25:23,374 [Worker-7: Building] INFO  o.a.m.s.f.DefaultMavenResourcesFiltering - Copying 1 resource from src\main\resources to target\classes
2024-12-27 13:25:23,383 [Worker-7: Building] INFO  o.a.m.s.f.DefaultMavenResourcesFiltering - skip non existing resourceDirectory E:\JDC\trminkhant\11-onestop-weekday-main (2)\11-onestop-weekday-main\03-hibernate-jpa\ep03-jpa-inheritance-mapping\src\test\resources
2024-12-27 13:25:24,108 [Worker-7: Building] INFO  o.a.m.s.f.DefaultMavenResourcesFiltering - Copying 3 resources from src\main\resources to target\classes
2024-12-27 13:25:24,121 [Worker-7: Building] INFO  o.a.m.s.f.DefaultMavenResourcesFiltering - skip non existing resourceDirectory E:\JDC\trminkhant\11-onestop-weekday-main (2)\11-onestop-weekday-main\03-hibernate-jpa\ep04-jpa-entitymanager\src\test\resources
2024-12-27 13:25:25,538 [Worker-1: Building] INFO  o.a.m.s.f.DefaultMavenResourcesFiltering - Copying 2 resources from src\main\resources to target\classes
2024-12-27 13:25:25,585 [Worker-1: Building] INFO  o.a.m.s.f.DefaultMavenResourcesFiltering - skip non existing resourceDirectory E:\JDC\trminkhant\11-onestop-weekday-main (2)\11-onestop-weekday-main\03-hibernate-jpa\ep05-jpa-query\src\test\resources
2024-12-27 13:25:26,695 [Worker-8: Building] INFO  o.a.m.s.f.DefaultMavenResourcesFiltering - Copying 5 resources from src\main\resources to target\classes
2024-12-27 13:25:26,714 [Worker-8: Building] INFO  o.a.m.s.f.DefaultMavenResourcesFiltering - skip non existing resourceDirectory E:\JDC\trminkhant\11-onestop-weekday-main (2)\11-onestop-weekday-main\film-inventory-proj\src\test\resources
2024-12-27 13:26:00,884 [main] INFO  o.e.m.jdt.internal.UnitTestSupport - Updating EmployeeTest from maven configuration
2024-12-27 13:46:30,855 [Worker-18: Building] INFO  o.a.m.s.f.DefaultMavenResourcesFiltering - Copying 2 resources from src\main\resources to target\classes
2024-12-27 13:46:30,860 [Worker-18: Building] INFO  o.a.m.s.f.DefaultMavenResourcesFiltering - skip non existing resourceDirectory E:\JDC\trminkhant\11-onestop-weekday-main (2)\11-onestop-weekday-main\03-hibernate-jpa\ep05-jpa-query\src\test\resources
2024-12-27 13:52:59,625 [Worker-24: Building] INFO  o.a.m.s.f.DefaultMavenResourcesFiltering - Copying 2 resources from src\main\resources to target\classes
2024-12-27 13:52:59,632 [Worker-24: Building] INFO  o.a.m.s.f.DefaultMavenResourcesFiltering - skip non existing resourceDirectory E:\JDC\trminkhant\11-onestop-weekday-main (2)\11-onestop-weekday-main\03-hibernate-jpa\ep05-jpa-query\src\test\resources
2024-12-27 14:24:32,929 [Worker-28: Building] INFO  o.a.m.s.f.DefaultMavenResourcesFiltering - Copying 1 resource from src\main\resources to target\classes
2024-12-27 14:24:32,941 [Worker-28: Building] INFO  o.a.m.s.f.DefaultMavenResourcesFiltering - skip non existing resourceDirectory E:\JDC\trminkhant\11-onestop-weekday-main (2)\11-onestop-weekday-main\03-hibernate-jpa\ep05-jpa-query\src\test\resources
2024-12-27 14:27:52,707 [Worker-2: Loading available Gradle versions] INFO  o.e.b.c.i.u.g.PublishedGradleVersions - Gradle version information cache is up-to-date. Trying to read.
2024-12-27 14:45:34,011 [Worker-22: Building] INFO  o.a.m.s.f.DefaultMavenResourcesFiltering - Copying 2 resources from src\main\resources to target\classes
2024-12-27 14:45:34,038 [Worker-22: Building] INFO  o.a.m.s.f.DefaultMavenResourcesFiltering - skip non existing resourceDirectory E:\JDC\trminkhant\11-onestop-weekday-main (2)\11-onestop-weekday-main\03-hibernate-jpa\ep05-jpa-query\src\test\resources
2024-12-27 14:52:57,141 [Worker-25: Building] INFO  o.a.m.s.f.DefaultMavenResourcesFiltering - Copying 0 resource from src\main\resources to target\classes
2024-12-27 14:52:57,146 [Worker-25: Building] INFO  o.a.m.s.f.DefaultMavenResourcesFiltering - skip non existing resourceDirectory E:\JDC\trminkhant\11-onestop-weekday-main (2)\11-onestop-weekday-main\03-hibernate-jpa\ep05-jpa-query\src\test\resources
2024-12-27 14:54:21,019 [Worker-25: Building] INFO  o.a.m.s.f.DefaultMavenResourcesFiltering - Copying 2 resources from src\main\resources to target\classes
2024-12-27 14:54:21,026 [Worker-25: Building] INFO  o.a.m.s.f.DefaultMavenResourcesFiltering - skip non existing resourceDirectory E:\JDC\trminkhant\11-onestop-weekday-main (2)\11-onestop-weekday-main\03-hibernate-jpa\ep05-jpa-query\src\test\resources
2024-12-27 14:55:50,889 [Worker-20: Building] INFO  o.a.m.s.f.DefaultMavenResourcesFiltering - Copying 1 resource from src\main\resources to target\classes
2024-12-27 14:55:50,901 [Worker-20: Building] INFO  o.a.m.s.f.DefaultMavenResourcesFiltering - skip non existing resourceDirectory E:\JDC\trminkhant\11-onestop-weekday-main (2)\11-onestop-weekday-main\03-hibernate-jpa\ep05-jpa-query\src\test\resources
2024-12-27 14:57:46,589 [Worker-20: Building] INFO  o.a.m.s.f.DefaultMavenResourcesFiltering - Copying 2 resources from src\main\resources to target\classes
2024-12-27 14:57:46,609 [Worker-20: Building] INFO  o.a.m.s.f.DefaultMavenResourcesFiltering - skip non existing resourceDirectory E:\JDC\trminkhant\11-onestop-weekday-main (2)\11-onestop-weekday-main\03-hibernate-jpa\ep05-jpa-query\src\test\resources
2024-12-27 14:59:32,070 [Worker-27: Building] INFO  o.a.m.s.f.DefaultMavenResourcesFiltering - Copying 2 resources from src\main\resources to target\classes
2024-12-27 14:59:32,084 [Worker-27: Building] INFO  o.a.m.s.f.DefaultMavenResourcesFiltering - skip non existing resourceDirectory E:\JDC\trminkhant\11-onestop-weekday-main (2)\11-onestop-weekday-main\03-hibernate-jpa\ep05-jpa-query\src\test\resources
2024-12-27 14:59:51,435 [Worker-25: Building] INFO  o.a.m.s.f.DefaultMavenResourcesFiltering - Copying 0 resource from src\main\resources to target\classes
2024-12-27 14:59:51,440 [Worker-25: Building] INFO  o.a.m.s.f.DefaultMavenResourcesFiltering - skip non existing resourceDirectory E:\JDC\trminkhant\11-onestop-weekday-main (2)\11-onestop-weekday-main\03-hibernate-jpa\ep05-jpa-query\src\test\resources
2024-12-27 15:10:00,814 [Worker-32: Building] INFO  o.e.m.c.i.l.LifecycleMappingFactory - Using org.eclipse.m2e.jdt.JarLifecycleMapping lifecycle mapping for MavenProject: com.jdc.mkt:ep05-jpa-query:1.0 @ E:\JDC\trminkhant\11-onestop-weekday-main (2)\11-onestop-weekday-main\03-hibernate-jpa\ep05-jpa-query\pom.xml.
2024-12-27 15:10:01,214 [Worker-32: Building] INFO  o.e.m.c.i.p.WorkspaceClassifierResolverManager - Resolving P/02-io-api: com.jdc.mkt:02-io-api:1.0 with classifier  to /02-io-api/target/classes
2024-12-27 15:10:01,778 [Worker-32: Building] INFO  o.a.m.s.f.DefaultMavenResourcesFiltering - Copying 0 resource from src\main\resources to target\classes
2024-12-27 15:10:01,785 [Worker-32: Building] INFO  o.a.m.s.f.DefaultMavenResourcesFiltering - skip non existing resourceDirectory E:\JDC\trminkhant\11-onestop-weekday-main (2)\11-onestop-weekday-main\03-hibernate-jpa\ep05-jpa-query\src\test\resources
2024-12-27 15:10:04,777 [Worker-20: Building] INFO  o.a.m.s.f.DefaultMavenResourcesFiltering - Copying 2 resources from src\main\resources to target\classes
2024-12-27 15:10:04,792 [Worker-20: Building] INFO  o.a.m.s.f.DefaultMavenResourcesFiltering - skip non existing resourceDirectory E:\JDC\trminkhant\11-onestop-weekday-main (2)\11-onestop-weekday-main\03-hibernate-jpa\ep05-jpa-query\src\test\resources
2024-12-27 15:10:07,602 [Worker-29: Building] INFO  o.a.m.s.f.DefaultMavenResourcesFiltering - Copying 2 resources from src\main\resources to target\classes
2024-12-27 15:10:07,610 [Worker-29: Building] INFO  o.a.m.s.f.DefaultMavenResourcesFiltering - skip non existing resourceDirectory E:\JDC\trminkhant\11-onestop-weekday-main (2)\11-onestop-weekday-main\03-hibernate-jpa\ep05-jpa-query\src\test\resources
2024-12-27 15:14:53,762 [Worker-33: Building] INFO  o.a.m.s.f.DefaultMavenResourcesFiltering - Copying 2 resources from src\main\resources to target\classes
2024-12-27 15:14:53,769 [Worker-33: Building] INFO  o.a.m.s.f.DefaultMavenResourcesFiltering - skip non existing resourceDirectory E:\JDC\trminkhant\11-onestop-weekday-main (2)\11-onestop-weekday-main\03-hibernate-jpa\ep05-jpa-query\src\test\resources
2024-12-27 15:17:36,328 [Worker-34: Building] INFO  o.a.m.s.f.DefaultMavenResourcesFiltering - Copying 2 resources from src\main\resources to target\classes
2024-12-27 15:17:36,335 [Worker-34: Building] INFO  o.a.m.s.f.DefaultMavenResourcesFiltering - skip non existing resourceDirectory E:\JDC\trminkhant\11-onestop-weekday-main (2)\11-onestop-weekday-main\03-hibernate-jpa\ep05-jpa-query\src\test\resources
2024-12-27 15:18:50,909 [Worker-29: Building] INFO  o.a.m.s.f.DefaultMavenResourcesFiltering - Copying 2 resources from src\main\resources to target\classes
2024-12-27 15:18:50,916 [Worker-29: Building] INFO  o.a.m.s.f.DefaultMavenResourcesFiltering - skip non existing resourceDirectory E:\JDC\trminkhant\11-onestop-weekday-main (2)\11-onestop-weekday-main\03-hibernate-jpa\ep05-jpa-query\src\test\resources
2024-12-27 15:20:25,332 [Worker-33: Building] INFO  o.a.m.s.f.DefaultMavenResourcesFiltering - Copying 2 resources from src\main\resources to target\classes
2024-12-27 15:20:25,381 [Worker-33: Building] INFO  o.a.m.s.f.DefaultMavenResourcesFiltering - skip non existing resourceDirectory E:\JDC\trminkhant\11-onestop-weekday-main (2)\11-onestop-weekday-main\03-hibernate-jpa\ep05-jpa-query\src\test\resources
2024-12-27 15:20:48,441 [Worker-35: Building] INFO  o.a.m.s.f.DefaultMavenResourcesFiltering - Copying 2 resources from src\main\resources to target\classes
2024-12-27 15:20:48,446 [Worker-35: Building] INFO  o.a.m.s.f.DefaultMavenResourcesFiltering - skip non existing resourceDirectory E:\JDC\trminkhant\11-onestop-weekday-main (2)\11-onestop-weekday-main\03-hibernate-jpa\ep05-jpa-query\src\test\resources
2024-12-27 15:21:42,149 [Worker-36: Building] INFO  o.a.m.s.f.DefaultMavenResourcesFiltering - Copying 2 resources from src\main\resources to target\classes
2024-12-27 15:21:42,158 [Worker-36: Building] INFO  o.a.m.s.f.DefaultMavenResourcesFiltering - skip non existing resourceDirectory E:\JDC\trminkhant\11-onestop-weekday-main (2)\11-onestop-weekday-main\03-hibernate-jpa\ep05-jpa-query\src\test\resources
2024-12-27 15:24:31,650 [Worker-34: Building] INFO  o.a.m.s.f.DefaultMavenResourcesFiltering - Copying 2 resources from src\main\resources to target\classes
2024-12-27 15:24:31,658 [Worker-34: Building] INFO  o.a.m.s.f.DefaultMavenResourcesFiltering - skip non existing resourceDirectory E:\JDC\trminkhant\11-onestop-weekday-main (2)\11-onestop-weekday-main\03-hibernate-jpa\ep05-jpa-query\src\test\resources
2024-12-27 15:25:51,384 [Worker-29: Building] INFO  o.a.m.s.f.DefaultMavenResourcesFiltering - Copying 2 resources from src\main\resources to target\classes
2024-12-27 15:25:51,397 [Worker-29: Building] INFO  o.a.m.s.f.DefaultMavenResourcesFiltering - skip non existing resourceDirectory E:\JDC\trminkhant\11-onestop-weekday-main (2)\11-onestop-weekday-main\03-hibernate-jpa\ep05-jpa-query\src\test\resources
2024-12-27 15:29:02,994 [Worker-36: Building] INFO  o.a.m.s.f.DefaultMavenResourcesFiltering - Copying 0 resource from src\main\resources to target\classes
2024-12-27 15:29:02,999 [Worker-36: Building] INFO  o.a.m.s.f.DefaultMavenResourcesFiltering - skip non existing resourceDirectory E:\JDC\trminkhant\11-onestop-weekday-main (2)\11-onestop-weekday-main\03-hibernate-jpa\ep05-jpa-query\src\test\resources
2024-12-27 15:49:10,979 [Worker-48: Building] INFO  o.a.m.s.f.DefaultMavenResourcesFiltering - Copying 2 resources from src\main\resources to target\classes
2024-12-27 15:49:10,990 [Worker-48: Building] INFO  o.a.m.s.f.DefaultMavenResourcesFiltering - skip non existing resourceDirectory E:\JDC\trminkhant\11-onestop-weekday-main (2)\11-onestop-weekday-main\03-hibernate-jpa\ep05-jpa-query\src\test\resources
2025-01-02 21:02:11,026 [Worker-1: Loading available Gradle versions] INFO  o.e.b.c.i.u.g.PublishedGradleVersions - Gradle version information cache is out-of-date. Trying to update.
2025-01-02 21:02:12,829 [Worker-1: Loading available Gradle versions] INFO  o.e.b.c.i.u.g.PublishedGradleVersions - Updating Gradle version information cache failed. Using outdated cache.
2025-01-02 21:12:57,249 [main] INFO  o.e.m.jdt.internal.UnitTestSupport - Updating JpaManagerFactory from maven configuration
2025-01-06 09:11:56,913 [Worker-1: Loading available Gradle versions] INFO  o.e.b.c.i.u.g.PublishedGradleVersions - Gradle version information cache is out-of-date. Trying to update.
2025-01-06 09:11:59,508 [Worker-1: Loading available Gradle versions] INFO  o.e.b.c.i.u.g.PublishedGradleVersions - Updating Gradle version information cache failed. Using outdated cache.
